  [1m[36m (331.9ms)[0m  [1mCREATE TABLE "schema_migrations" ("version" character varying NOT NULL) [0m
  [1m[35m (3.5ms)[0m  CREATE UNIQUE INDEX  "unique_schema_migrations" ON "schema_migrations"  ("version")
  [1m[36mActiveRecord::SchemaMigration Load (7.3ms)[0m  [1mSELECT "schema_migrations".* FROM "schema_migrations"[0m
Migrating to CreateUser (20150312145445)
  [1m[35m (23.6ms)[0m  BEGIN
DEPRECATION WARNING: `#timestamp` was called without specifying an option for `null`. In Rails 5, this behavior will change to `null: false`. You should manually specify `null: true` to prevent the behavior of your existing migrations from changing. (called from block in change at /Users/j_gruta/wdi/project_2/pixelect_api/Pixelect/db/migrate/20150312145445_create_user.rb:8)
  [1m[36m (65.5ms)[0m  [1mCREATE TABLE "users" ("id" serial primary key, "name" character varying, "password_digest" character varying, "token" character varying, "email" character varying, "created_at" timestamp, "updated_at" timestamp) [0m
  [1m[35mSQL (25.3ms)[0m  INSERT INTO "schema_migrations" ("version") VALUES ($1)  [["version", "20150312145445"]]
  [1m[36m (1.1ms)[0m  [1mCOMMIT[0m
Migrating to CreateTournament (20150312145606)
  [1m[35m (0.5ms)[0m  BEGIN
DEPRECATION WARNING: `#timestamp` was called without specifying an option for `null`. In Rails 5, this behavior will change to `null: false`. You should manually specify `null: true` to prevent the behavior of your existing migrations from changing. (called from block in change at /Users/j_gruta/wdi/project_2/pixelect_api/Pixelect/db/migrate/20150312145606_create_tournament.rb:7)
  [1m[36m (7.7ms)[0m  [1mCREATE TABLE "tournaments" ("id" serial primary key, "user_id" integer, "question" character varying, "email_list" character varying, "created_at" timestamp, "updated_at" timestamp) [0m
  [1m[35m (1.6ms)[0m  CREATE  INDEX  "index_tournaments_on_user_id" ON "tournaments"  ("user_id")
  [1m[36m (87.8ms)[0m  [1mALTER TABLE "tournaments" ADD CONSTRAINT "fk_rails_465af3ef9a"
FOREIGN KEY ("user_id")
  REFERENCES "users" ("id")
[0m
  [1m[35mSQL (7.5ms)[0m  INSERT INTO "schema_migrations" ("version") VALUES ($1)  [["version", "20150312145606"]]
  [1m[36m (1.9ms)[0m  [1mCOMMIT[0m
Migrating to CreateImage (20150312145801)
  [1m[35m (0.5ms)[0m  BEGIN
DEPRECATION WARNING: `#timestamp` was called without specifying an option for `null`. In Rails 5, this behavior will change to `null: false`. You should manually specify `null: true` to prevent the behavior of your existing migrations from changing. (called from block in change at /Users/j_gruta/wdi/project_2/pixelect_api/Pixelect/db/migrate/20150312145801_create_image.rb:8)
  [1m[36m (7.8ms)[0m  [1mCREATE TABLE "images" ("id" serial primary key, "tournament_id" integer, "url" character varying, "wins" integer, "flags" integer, "created_at" timestamp, "updated_at" timestamp) [0m
  [1m[35m (1.7ms)[0m  CREATE  INDEX  "index_images_on_tournament_id" ON "images"  ("tournament_id")
  [1m[36m (2.4ms)[0m  [1mALTER TABLE "images" ADD CONSTRAINT "fk_rails_cf05bd7317"
FOREIGN KEY ("tournament_id")
  REFERENCES "tournaments" ("id")
[0m
  [1m[35mSQL (1.3ms)[0m  INSERT INTO "schema_migrations" ("version") VALUES ($1)  [["version", "20150312145801"]]
  [1m[36m (3.7ms)[0m  [1mCOMMIT[0m
Migrating to CreateComment (20150312145902)
  [1m[35m (0.7ms)[0m  BEGIN
DEPRECATION WARNING: `#timestamp` was called without specifying an option for `null`. In Rails 5, this behavior will change to `null: false`. You should manually specify `null: true` to prevent the behavior of your existing migrations from changing. (called from block in change at /Users/j_gruta/wdi/project_2/pixelect_api/Pixelect/db/migrate/20150312145902_create_comment.rb:7)
  [1m[36m (6.4ms)[0m  [1mCREATE TABLE "comments" ("id" serial primary key, "body" character varying, "tournament_id" integer, "user_id" integer, "created_at" timestamp, "updated_at" timestamp) [0m
  [1m[35m (2.4ms)[0m  CREATE  INDEX  "index_comments_on_tournament_id" ON "comments"  ("tournament_id")
  [1m[36m (1.5ms)[0m  [1mCREATE  INDEX  "index_comments_on_user_id" ON "comments"  ("user_id")[0m
  [1m[35m (2.5ms)[0m  ALTER TABLE "comments" ADD CONSTRAINT "fk_rails_8685f6643f"
FOREIGN KEY ("tournament_id")
  REFERENCES "tournaments" ("id")

  [1m[36m (2.2ms)[0m  [1mALTER TABLE "comments" ADD CONSTRAINT "fk_rails_768a3ac3c6"
FOREIGN KEY ("user_id")
  REFERENCES "users" ("id")
[0m
  [1m[35mSQL (0.2ms)[0m  INSERT INTO "schema_migrations" ("version") VALUES ($1)  [["version", "20150312145902"]]
  [1m[36m (1.0ms)[0m  [1mCOMMIT[0m
  [1m[35mActiveRecord::SchemaMigration Load (0.3ms)[0m  SELECT "schema_migrations".* FROM "schema_migrations"
  [1m[36m (6.9ms)[0m  [1mSELECT t2.oid::regclass::text AS to_table, a1.attname AS column, a2.attname AS primary_key, c.conname AS name, c.confupdtype AS on_update, c.confdeltype AS on_delete
FROM pg_constraint c
JOIN pg_class t1 ON c.conrelid = t1.oid
JOIN pg_class t2 ON c.confrelid = t2.oid
JOIN pg_attribute a1 ON a1.attnum = c.conkey[1] AND a1.attrelid = t1.oid
JOIN pg_attribute a2 ON a2.attnum = c.confkey[1] AND a2.attrelid = t2.oid
JOIN pg_namespace t3 ON c.connamespace = t3.oid
WHERE c.contype = 'f'
  AND t1.relname = 'comments'
  AND t3.nspname = ANY (current_schemas(false))
ORDER BY c.conname
[0m
  [1m[35m (8.1ms)[0m  SELECT t2.oid::regclass::text AS to_table, a1.attname AS column, a2.attname AS primary_key, c.conname AS name, c.confupdtype AS on_update, c.confdeltype AS on_delete
FROM pg_constraint c
JOIN pg_class t1 ON c.conrelid = t1.oid
JOIN pg_class t2 ON c.confrelid = t2.oid
JOIN pg_attribute a1 ON a1.attnum = c.conkey[1] AND a1.attrelid = t1.oid
JOIN pg_attribute a2 ON a2.attnum = c.confkey[1] AND a2.attrelid = t2.oid
JOIN pg_namespace t3 ON c.connamespace = t3.oid
WHERE c.contype = 'f'
  AND t1.relname = 'images'
  AND t3.nspname = ANY (current_schemas(false))
ORDER BY c.conname

  [1m[36m (6.3ms)[0m  [1mSELECT t2.oid::regclass::text AS to_table, a1.attname AS column, a2.attname AS primary_key, c.conname AS name, c.confupdtype AS on_update, c.confdeltype AS on_delete
FROM pg_constraint c
JOIN pg_class t1 ON c.conrelid = t1.oid
JOIN pg_class t2 ON c.confrelid = t2.oid
JOIN pg_attribute a1 ON a1.attnum = c.conkey[1] AND a1.attrelid = t1.oid
JOIN pg_attribute a2 ON a2.attnum = c.confkey[1] AND a2.attrelid = t2.oid
JOIN pg_namespace t3 ON c.connamespace = t3.oid
WHERE c.contype = 'f'
  AND t1.relname = 'tournaments'
  AND t3.nspname = ANY (current_schemas(false))
ORDER BY c.conname
[0m
  [1m[35m (5.6ms)[0m  SELECT t2.oid::regclass::text AS to_table, a1.attname AS column, a2.attname AS primary_key, c.conname AS name, c.confupdtype AS on_update, c.confdeltype AS on_delete
FROM pg_constraint c
JOIN pg_class t1 ON c.conrelid = t1.oid
JOIN pg_class t2 ON c.confrelid = t2.oid
JOIN pg_attribute a1 ON a1.attnum = c.conkey[1] AND a1.attrelid = t1.oid
JOIN pg_attribute a2 ON a2.attnum = c.confkey[1] AND a2.attrelid = t2.oid
JOIN pg_namespace t3 ON c.connamespace = t3.oid
WHERE c.contype = 'f'
  AND t1.relname = 'users'
  AND t3.nspname = ANY (current_schemas(false))
ORDER BY c.conname

  [1m[36m (6.8ms)[0m  [1mCREATE TABLE "schema_migrations" ("version" character varying NOT NULL) [0m
  [1m[35m (2.7ms)[0m  CREATE UNIQUE INDEX  "unique_schema_migrations" ON "schema_migrations"  ("version")
  [1m[36mActiveRecord::SchemaMigration Load (0.6ms)[0m  [1mSELECT "schema_migrations".* FROM "schema_migrations"[0m
Migrating to CreateUser (20150312145445)
  [1m[35m (0.2ms)[0m  BEGIN
DEPRECATION WARNING: `#timestamp` was called without specifying an option for `null`. In Rails 5, this behavior will change to `null: false`. You should manually specify `null: true` to prevent the behavior of your existing migrations from changing. (called from block in change at /Users/j_gruta/wdi/project_2/pixelect_api/Pixelect/db/migrate/20150312145445_create_user.rb:8)
  [1m[36m (8.5ms)[0m  [1mCREATE TABLE "users" ("id" serial primary key, "name" character varying, "password_digest" character varying, "token" character varying, "email" character varying, "created_at" timestamp, "updated_at" timestamp) [0m
  [1m[35mSQL (0.6ms)[0m  INSERT INTO "schema_migrations" ("version") VALUES ($1)  [["version", "20150312145445"]]
  [1m[36m (1.2ms)[0m  [1mCOMMIT[0m
Migrating to CreateTournament (20150312145606)
  [1m[35m (0.3ms)[0m  BEGIN
DEPRECATION WARNING: `#timestamp` was called without specifying an option for `null`. In Rails 5, this behavior will change to `null: false`. You should manually specify `null: true` to prevent the behavior of your existing migrations from changing. (called from block in change at /Users/j_gruta/wdi/project_2/pixelect_api/Pixelect/db/migrate/20150312145606_create_tournament.rb:7)
  [1m[36m (7.6ms)[0m  [1mCREATE TABLE "tournaments" ("id" serial primary key, "user_id" integer, "question" character varying, "email_list" character varying, "created_at" timestamp, "updated_at" timestamp) [0m
  [1m[35m (1.5ms)[0m  CREATE  INDEX  "index_tournaments_on_user_id" ON "tournaments"  ("user_id")
  [1m[36m (3.4ms)[0m  [1mALTER TABLE "tournaments" ADD CONSTRAINT "fk_rails_876383b8cc"
FOREIGN KEY ("user_id")
  REFERENCES "users" ("id")
[0m
  [1m[35mSQL (0.2ms)[0m  INSERT INTO "schema_migrations" ("version") VALUES ($1)  [["version", "20150312145606"]]
  [1m[36m (1.2ms)[0m  [1mCOMMIT[0m
Migrating to CreateImage (20150312145801)
  [1m[35m (0.3ms)[0m  BEGIN
DEPRECATION WARNING: `#timestamp` was called without specifying an option for `null`. In Rails 5, this behavior will change to `null: false`. You should manually specify `null: true` to prevent the behavior of your existing migrations from changing. (called from block in change at /Users/j_gruta/wdi/project_2/pixelect_api/Pixelect/db/migrate/20150312145801_create_image.rb:8)
  [1m[36m (5.8ms)[0m  [1mCREATE TABLE "images" ("id" serial primary key, "tournament_id" integer, "url" character varying, "wins" integer, "flags" integer, "created_at" timestamp, "updated_at" timestamp) [0m
  [1m[35m (1.4ms)[0m  CREATE  INDEX  "index_images_on_tournament_id" ON "images"  ("tournament_id")
  [1m[36m (3.0ms)[0m  [1mALTER TABLE "images" ADD CONSTRAINT "fk_rails_9e8f796c22"
FOREIGN KEY ("tournament_id")
  REFERENCES "tournaments" ("id")
[0m
  [1m[35mSQL (0.3ms)[0m  INSERT INTO "schema_migrations" ("version") VALUES ($1)  [["version", "20150312145801"]]
  [1m[36m (1.0ms)[0m  [1mCOMMIT[0m
Migrating to CreateComment (20150312145902)
  [1m[35m (0.3ms)[0m  BEGIN
DEPRECATION WARNING: `#timestamp` was called without specifying an option for `null`. In Rails 5, this behavior will change to `null: false`. You should manually specify `null: true` to prevent the behavior of your existing migrations from changing. (called from block in change at /Users/j_gruta/wdi/project_2/pixelect_api/Pixelect/db/migrate/20150312145902_create_comment.rb:7)
  [1m[36m (5.9ms)[0m  [1mCREATE TABLE "comments" ("id" serial primary key, "body" character varying, "tournament_id" integer, "user_id" integer, "created_at" timestamp, "updated_at" timestamp) [0m
  [1m[35m (2.0ms)[0m  CREATE  INDEX  "index_comments_on_tournament_id" ON "comments"  ("tournament_id")
  [1m[36m (1.5ms)[0m  [1mCREATE  INDEX  "index_comments_on_user_id" ON "comments"  ("user_id")[0m
  [1m[35m (2.2ms)[0m  ALTER TABLE "comments" ADD CONSTRAINT "fk_rails_8366296b0e"
FOREIGN KEY ("tournament_id")
  REFERENCES "tournaments" ("id")

  [1m[36m (2.4ms)[0m  [1mALTER TABLE "comments" ADD CONSTRAINT "fk_rails_8c5647ab76"
FOREIGN KEY ("user_id")
  REFERENCES "users" ("id")
[0m
  [1m[35mSQL (0.2ms)[0m  INSERT INTO "schema_migrations" ("version") VALUES ($1)  [["version", "20150312145902"]]
  [1m[36m (1.0ms)[0m  [1mCOMMIT[0m
  [1m[35mActiveRecord::SchemaMigration Load (0.3ms)[0m  SELECT "schema_migrations".* FROM "schema_migrations"
  [1m[36m (7.8ms)[0m  [1mSELECT t2.oid::regclass::text AS to_table, a1.attname AS column, a2.attname AS primary_key, c.conname AS name, c.confupdtype AS on_update, c.confdeltype AS on_delete
FROM pg_constraint c
JOIN pg_class t1 ON c.conrelid = t1.oid
JOIN pg_class t2 ON c.confrelid = t2.oid
JOIN pg_attribute a1 ON a1.attnum = c.conkey[1] AND a1.attrelid = t1.oid
JOIN pg_attribute a2 ON a2.attnum = c.confkey[1] AND a2.attrelid = t2.oid
JOIN pg_namespace t3 ON c.connamespace = t3.oid
WHERE c.contype = 'f'
  AND t1.relname = 'comments'
  AND t3.nspname = ANY (current_schemas(false))
ORDER BY c.conname
[0m
  [1m[35m (6.2ms)[0m  SELECT t2.oid::regclass::text AS to_table, a1.attname AS column, a2.attname AS primary_key, c.conname AS name, c.confupdtype AS on_update, c.confdeltype AS on_delete
FROM pg_constraint c
JOIN pg_class t1 ON c.conrelid = t1.oid
JOIN pg_class t2 ON c.confrelid = t2.oid
JOIN pg_attribute a1 ON a1.attnum = c.conkey[1] AND a1.attrelid = t1.oid
JOIN pg_attribute a2 ON a2.attnum = c.confkey[1] AND a2.attrelid = t2.oid
JOIN pg_namespace t3 ON c.connamespace = t3.oid
WHERE c.contype = 'f'
  AND t1.relname = 'images'
  AND t3.nspname = ANY (current_schemas(false))
ORDER BY c.conname

  [1m[36m (5.9ms)[0m  [1mSELECT t2.oid::regclass::text AS to_table, a1.attname AS column, a2.attname AS primary_key, c.conname AS name, c.confupdtype AS on_update, c.confdeltype AS on_delete
FROM pg_constraint c
JOIN pg_class t1 ON c.conrelid = t1.oid
JOIN pg_class t2 ON c.confrelid = t2.oid
JOIN pg_attribute a1 ON a1.attnum = c.conkey[1] AND a1.attrelid = t1.oid
JOIN pg_attribute a2 ON a2.attnum = c.confkey[1] AND a2.attrelid = t2.oid
JOIN pg_namespace t3 ON c.connamespace = t3.oid
WHERE c.contype = 'f'
  AND t1.relname = 'tournaments'
  AND t3.nspname = ANY (current_schemas(false))
ORDER BY c.conname
[0m
  [1m[35m (5.7ms)[0m  SELECT t2.oid::regclass::text AS to_table, a1.attname AS column, a2.attname AS primary_key, c.conname AS name, c.confupdtype AS on_update, c.confdeltype AS on_delete
FROM pg_constraint c
JOIN pg_class t1 ON c.conrelid = t1.oid
JOIN pg_class t2 ON c.confrelid = t2.oid
JOIN pg_attribute a1 ON a1.attnum = c.conkey[1] AND a1.attrelid = t1.oid
JOIN pg_attribute a2 ON a2.attnum = c.confkey[1] AND a2.attrelid = t2.oid
JOIN pg_namespace t3 ON c.connamespace = t3.oid
WHERE c.contype = 'f'
  AND t1.relname = 'users'
  AND t3.nspname = ANY (current_schemas(false))
ORDER BY c.conname

  [1m[36m (6.5ms)[0m  [1mCREATE TABLE "schema_migrations" ("version" character varying NOT NULL) [0m
  [1m[35m (2.6ms)[0m  CREATE UNIQUE INDEX  "unique_schema_migrations" ON "schema_migrations"  ("version")
  [1m[36mActiveRecord::SchemaMigration Load (0.6ms)[0m  [1mSELECT "schema_migrations".* FROM "schema_migrations"[0m
Migrating to CreateUser (20150312145445)
  [1m[35m (0.3ms)[0m  BEGIN
DEPRECATION WARNING: `#timestamp` was called without specifying an option for `null`. In Rails 5, this behavior will change to `null: false`. You should manually specify `null: true` to prevent the behavior of your existing migrations from changing. (called from block in change at /Users/j_gruta/wdi/project_2/pixelect_api/Pixelect/db/migrate/20150312145445_create_user.rb:8)
  [1m[36m (9.4ms)[0m  [1mCREATE TABLE "users" ("id" serial primary key, "name" character varying, "password_digest" character varying, "token" character varying, "email" character varying, "created_at" timestamp, "updated_at" timestamp) [0m
  [1m[35mSQL (0.5ms)[0m  INSERT INTO "schema_migrations" ("version") VALUES ($1)  [["version", "20150312145445"]]
  [1m[36m (1.1ms)[0m  [1mCOMMIT[0m
Migrating to CreateTournament (20150312145606)
  [1m[35m (0.3ms)[0m  BEGIN
DEPRECATION WARNING: `#timestamp` was called without specifying an option for `null`. In Rails 5, this behavior will change to `null: false`. You should manually specify `null: true` to prevent the behavior of your existing migrations from changing. (called from block in change at /Users/j_gruta/wdi/project_2/pixelect_api/Pixelect/db/migrate/20150312145606_create_tournament.rb:7)
  [1m[36m (7.7ms)[0m  [1mCREATE TABLE "tournaments" ("id" serial primary key, "user_id" integer, "question" character varying, "email_list" character varying, "created_at" timestamp, "updated_at" timestamp) [0m
  [1m[35m (1.6ms)[0m  CREATE  INDEX  "index_tournaments_on_user_id" ON "tournaments"  ("user_id")
  [1m[36m (3.4ms)[0m  [1mALTER TABLE "tournaments" ADD CONSTRAINT "fk_rails_c3e5f4151f"
FOREIGN KEY ("user_id")
  REFERENCES "users" ("id")
[0m
  [1m[35mSQL (0.2ms)[0m  INSERT INTO "schema_migrations" ("version") VALUES ($1)  [["version", "20150312145606"]]
  [1m[36m (1.1ms)[0m  [1mCOMMIT[0m
Migrating to CreateImage (20150312145801)
  [1m[35m (0.3ms)[0m  BEGIN
DEPRECATION WARNING: `#timestamp` was called without specifying an option for `null`. In Rails 5, this behavior will change to `null: false`. You should manually specify `null: true` to prevent the behavior of your existing migrations from changing. (called from block in change at /Users/j_gruta/wdi/project_2/pixelect_api/Pixelect/db/migrate/20150312145801_create_image.rb:8)
  [1m[36m (42.7ms)[0m  [1mCREATE TABLE "images" ("id" serial primary key, "tournament_id" integer, "url" character varying, "wins" integer DEFAULT 0, "flags" integer DEFAULT 0, "created_at" timestamp, "updated_at" timestamp) [0m
  [1m[35m (1.5ms)[0m  CREATE  INDEX  "index_images_on_tournament_id" ON "images"  ("tournament_id")
  [1m[36m (2.4ms)[0m  [1mALTER TABLE "images" ADD CONSTRAINT "fk_rails_892c09a46d"
FOREIGN KEY ("tournament_id")
  REFERENCES "tournaments" ("id")
[0m
  [1m[35mSQL (0.2ms)[0m  INSERT INTO "schema_migrations" ("version") VALUES ($1)  [["version", "20150312145801"]]
  [1m[36m (1.0ms)[0m  [1mCOMMIT[0m
Migrating to CreateComment (20150312145902)
  [1m[35m (0.3ms)[0m  BEGIN
DEPRECATION WARNING: `#timestamp` was called without specifying an option for `null`. In Rails 5, this behavior will change to `null: false`. You should manually specify `null: true` to prevent the behavior of your existing migrations from changing. (called from block in change at /Users/j_gruta/wdi/project_2/pixelect_api/Pixelect/db/migrate/20150312145902_create_comment.rb:7)
  [1m[36m (6.6ms)[0m  [1mCREATE TABLE "comments" ("id" serial primary key, "body" character varying, "tournament_id" integer, "user_id" integer, "created_at" timestamp, "updated_at" timestamp) [0m
  [1m[35m (1.9ms)[0m  CREATE  INDEX  "index_comments_on_tournament_id" ON "comments"  ("tournament_id")
  [1m[36m (1.4ms)[0m  [1mCREATE  INDEX  "index_comments_on_user_id" ON "comments"  ("user_id")[0m
  [1m[35m (2.2ms)[0m  ALTER TABLE "comments" ADD CONSTRAINT "fk_rails_eea313f49c"
FOREIGN KEY ("tournament_id")
  REFERENCES "tournaments" ("id")

  [1m[36m (5.1ms)[0m  [1mALTER TABLE "comments" ADD CONSTRAINT "fk_rails_39cf21dcee"
FOREIGN KEY ("user_id")
  REFERENCES "users" ("id")
[0m
  [1m[35mSQL (0.3ms)[0m  INSERT INTO "schema_migrations" ("version") VALUES ($1)  [["version", "20150312145902"]]
  [1m[36m (1.1ms)[0m  [1mCOMMIT[0m
  [1m[35mActiveRecord::SchemaMigration Load (0.3ms)[0m  SELECT "schema_migrations".* FROM "schema_migrations"
  [1m[36m (7.0ms)[0m  [1mSELECT t2.oid::regclass::text AS to_table, a1.attname AS column, a2.attname AS primary_key, c.conname AS name, c.confupdtype AS on_update, c.confdeltype AS on_delete
FROM pg_constraint c
JOIN pg_class t1 ON c.conrelid = t1.oid
JOIN pg_class t2 ON c.confrelid = t2.oid
JOIN pg_attribute a1 ON a1.attnum = c.conkey[1] AND a1.attrelid = t1.oid
JOIN pg_attribute a2 ON a2.attnum = c.confkey[1] AND a2.attrelid = t2.oid
JOIN pg_namespace t3 ON c.connamespace = t3.oid
WHERE c.contype = 'f'
  AND t1.relname = 'comments'
  AND t3.nspname = ANY (current_schemas(false))
ORDER BY c.conname
[0m
  [1m[35m (7.4ms)[0m  SELECT t2.oid::regclass::text AS to_table, a1.attname AS column, a2.attname AS primary_key, c.conname AS name, c.confupdtype AS on_update, c.confdeltype AS on_delete
FROM pg_constraint c
JOIN pg_class t1 ON c.conrelid = t1.oid
JOIN pg_class t2 ON c.confrelid = t2.oid
JOIN pg_attribute a1 ON a1.attnum = c.conkey[1] AND a1.attrelid = t1.oid
JOIN pg_attribute a2 ON a2.attnum = c.confkey[1] AND a2.attrelid = t2.oid
JOIN pg_namespace t3 ON c.connamespace = t3.oid
WHERE c.contype = 'f'
  AND t1.relname = 'images'
  AND t3.nspname = ANY (current_schemas(false))
ORDER BY c.conname

  [1m[36m (7.3ms)[0m  [1mSELECT t2.oid::regclass::text AS to_table, a1.attname AS column, a2.attname AS primary_key, c.conname AS name, c.confupdtype AS on_update, c.confdeltype AS on_delete
FROM pg_constraint c
JOIN pg_class t1 ON c.conrelid = t1.oid
JOIN pg_class t2 ON c.confrelid = t2.oid
JOIN pg_attribute a1 ON a1.attnum = c.conkey[1] AND a1.attrelid = t1.oid
JOIN pg_attribute a2 ON a2.attnum = c.confkey[1] AND a2.attrelid = t2.oid
JOIN pg_namespace t3 ON c.connamespace = t3.oid
WHERE c.contype = 'f'
  AND t1.relname = 'tournaments'
  AND t3.nspname = ANY (current_schemas(false))
ORDER BY c.conname
[0m
  [1m[35m (6.0ms)[0m  SELECT t2.oid::regclass::text AS to_table, a1.attname AS column, a2.attname AS primary_key, c.conname AS name, c.confupdtype AS on_update, c.confdeltype AS on_delete
FROM pg_constraint c
JOIN pg_class t1 ON c.conrelid = t1.oid
JOIN pg_class t2 ON c.confrelid = t2.oid
JOIN pg_attribute a1 ON a1.attnum = c.conkey[1] AND a1.attrelid = t1.oid
JOIN pg_attribute a2 ON a2.attnum = c.confkey[1] AND a2.attrelid = t2.oid
JOIN pg_namespace t3 ON c.connamespace = t3.oid
WHERE c.contype = 'f'
  AND t1.relname = 'users'
  AND t3.nspname = ANY (current_schemas(false))
ORDER BY c.conname

  [1m[36m (108.3ms)[0m  [1mCREATE TABLE "schema_migrations" ("version" character varying NOT NULL) [0m
  [1m[35m (31.2ms)[0m  CREATE UNIQUE INDEX  "unique_schema_migrations" ON "schema_migrations"  ("version")
  [1m[36mActiveRecord::SchemaMigration Load (0.6ms)[0m  [1mSELECT "schema_migrations".* FROM "schema_migrations"[0m
Migrating to CreateUser (20150312145445)
  [1m[35m (23.5ms)[0m  BEGIN
DEPRECATION WARNING: `#timestamp` was called without specifying an option for `null`. In Rails 5, this behavior will change to `null: false`. You should manually specify `null: true` to prevent the behavior of your existing migrations from changing. (called from block in change at /Users/j_gruta/wdi/project_2/pixelect_api/Pixelect/db/migrate/20150312145445_create_user.rb:8)
  [1m[36m (31.8ms)[0m  [1mCREATE TABLE "users" ("id" serial primary key, "name" character varying, "password_digest" character varying, "token" character varying, "email" character varying, "created_at" timestamp, "updated_at" timestamp) [0m
  [1m[35mSQL (15.3ms)[0m  INSERT INTO "schema_migrations" ("version") VALUES ($1)  [["version", "20150312145445"]]
  [1m[36m (1.2ms)[0m  [1mCOMMIT[0m
Migrating to CreateTournament (20150312145606)
  [1m[35m (0.5ms)[0m  BEGIN
DEPRECATION WARNING: `#timestamp` was called without specifying an option for `null`. In Rails 5, this behavior will change to `null: false`. You should manually specify `null: true` to prevent the behavior of your existing migrations from changing. (called from block in change at /Users/j_gruta/wdi/project_2/pixelect_api/Pixelect/db/migrate/20150312145606_create_tournament.rb:7)
  [1m[36m (7.2ms)[0m  [1mCREATE TABLE "tournaments" ("id" serial primary key, "user_id" integer, "question" character varying, "email_list" character varying, "created_at" timestamp, "updated_at" timestamp) [0m
  [1m[35m (1.5ms)[0m  CREATE  INDEX  "index_tournaments_on_user_id" ON "tournaments"  ("user_id")
  [1m[36m (32.6ms)[0m  [1mALTER TABLE "tournaments" ADD CONSTRAINT "fk_rails_deb4f1ae23"
FOREIGN KEY ("user_id")
  REFERENCES "users" ("id")
[0m
  [1m[35mSQL (8.3ms)[0m  INSERT INTO "schema_migrations" ("version") VALUES ($1)  [["version", "20150312145606"]]
  [1m[36m (1.3ms)[0m  [1mCOMMIT[0m
Migrating to CreateImage (20150312145801)
  [1m[35m (0.6ms)[0m  BEGIN
DEPRECATION WARNING: `#timestamp` was called without specifying an option for `null`. In Rails 5, this behavior will change to `null: false`. You should manually specify `null: true` to prevent the behavior of your existing migrations from changing. (called from block in change at /Users/j_gruta/wdi/project_2/pixelect_api/Pixelect/db/migrate/20150312145801_create_image.rb:8)
  [1m[36m (55.6ms)[0m  [1mCREATE TABLE "images" ("id" serial primary key, "tournament_id" integer, "url" character varying, "wins" integer DEFAULT 0, "flags" integer DEFAULT 0, "created_at" timestamp, "updated_at" timestamp) [0m
  [1m[35m (1.6ms)[0m  CREATE  INDEX  "index_images_on_tournament_id" ON "images"  ("tournament_id")
  [1m[36m (2.4ms)[0m  [1mALTER TABLE "images" ADD CONSTRAINT "fk_rails_b2ce469044"
FOREIGN KEY ("tournament_id")
  REFERENCES "tournaments" ("id")
[0m
  [1m[35mSQL (0.2ms)[0m  INSERT INTO "schema_migrations" ("version") VALUES ($1)  [["version", "20150312145801"]]
  [1m[36m (0.9ms)[0m  [1mCOMMIT[0m
Migrating to CreateComment (20150312145902)
  [1m[35m (0.6ms)[0m  BEGIN
DEPRECATION WARNING: `#timestamp` was called without specifying an option for `null`. In Rails 5, this behavior will change to `null: false`. You should manually specify `null: true` to prevent the behavior of your existing migrations from changing. (called from block in change at /Users/j_gruta/wdi/project_2/pixelect_api/Pixelect/db/migrate/20150312145902_create_comment.rb:8)
  [1m[36m (8.2ms)[0m  [1mCREATE TABLE "comments" ("id" serial primary key, "body" character varying, "tournament_id" integer, "user_id" integer, "subcomment" character varying, "created_at" timestamp, "updated_at" timestamp) [0m
  [1m[35m (1.5ms)[0m  CREATE  INDEX  "index_comments_on_tournament_id" ON "comments"  ("tournament_id")
  [1m[36m (1.3ms)[0m  [1mCREATE  INDEX  "index_comments_on_user_id" ON "comments"  ("user_id")[0m
  [1m[35m (2.3ms)[0m  ALTER TABLE "comments" ADD CONSTRAINT "fk_rails_720586da5a"
FOREIGN KEY ("tournament_id")
  REFERENCES "tournaments" ("id")

  [1m[36m (4.4ms)[0m  [1mALTER TABLE "comments" ADD CONSTRAINT "fk_rails_d93c1227d8"
FOREIGN KEY ("user_id")
  REFERENCES "users" ("id")
[0m
  [1m[35mSQL (0.2ms)[0m  INSERT INTO "schema_migrations" ("version") VALUES ($1)  [["version", "20150312145902"]]
  [1m[36m (1.2ms)[0m  [1mCOMMIT[0m
  [1m[35mActiveRecord::SchemaMigration Load (0.3ms)[0m  SELECT "schema_migrations".* FROM "schema_migrations"
  [1m[36m (7.3ms)[0m  [1mSELECT t2.oid::regclass::text AS to_table, a1.attname AS column, a2.attname AS primary_key, c.conname AS name, c.confupdtype AS on_update, c.confdeltype AS on_delete
FROM pg_constraint c
JOIN pg_class t1 ON c.conrelid = t1.oid
JOIN pg_class t2 ON c.confrelid = t2.oid
JOIN pg_attribute a1 ON a1.attnum = c.conkey[1] AND a1.attrelid = t1.oid
JOIN pg_attribute a2 ON a2.attnum = c.confkey[1] AND a2.attrelid = t2.oid
JOIN pg_namespace t3 ON c.connamespace = t3.oid
WHERE c.contype = 'f'
  AND t1.relname = 'comments'
  AND t3.nspname = ANY (current_schemas(false))
ORDER BY c.conname
[0m
  [1m[35m (5.8ms)[0m  SELECT t2.oid::regclass::text AS to_table, a1.attname AS column, a2.attname AS primary_key, c.conname AS name, c.confupdtype AS on_update, c.confdeltype AS on_delete
FROM pg_constraint c
JOIN pg_class t1 ON c.conrelid = t1.oid
JOIN pg_class t2 ON c.confrelid = t2.oid
JOIN pg_attribute a1 ON a1.attnum = c.conkey[1] AND a1.attrelid = t1.oid
JOIN pg_attribute a2 ON a2.attnum = c.confkey[1] AND a2.attrelid = t2.oid
JOIN pg_namespace t3 ON c.connamespace = t3.oid
WHERE c.contype = 'f'
  AND t1.relname = 'images'
  AND t3.nspname = ANY (current_schemas(false))
ORDER BY c.conname

  [1m[36m (6.2ms)[0m  [1mSELECT t2.oid::regclass::text AS to_table, a1.attname AS column, a2.attname AS primary_key, c.conname AS name, c.confupdtype AS on_update, c.confdeltype AS on_delete
FROM pg_constraint c
JOIN pg_class t1 ON c.conrelid = t1.oid
JOIN pg_class t2 ON c.confrelid = t2.oid
JOIN pg_attribute a1 ON a1.attnum = c.conkey[1] AND a1.attrelid = t1.oid
JOIN pg_attribute a2 ON a2.attnum = c.confkey[1] AND a2.attrelid = t2.oid
JOIN pg_namespace t3 ON c.connamespace = t3.oid
WHERE c.contype = 'f'
  AND t1.relname = 'tournaments'
  AND t3.nspname = ANY (current_schemas(false))
ORDER BY c.conname
[0m
  [1m[35m (5.8ms)[0m  SELECT t2.oid::regclass::text AS to_table, a1.attname AS column, a2.attname AS primary_key, c.conname AS name, c.confupdtype AS on_update, c.confdeltype AS on_delete
FROM pg_constraint c
JOIN pg_class t1 ON c.conrelid = t1.oid
JOIN pg_class t2 ON c.confrelid = t2.oid
JOIN pg_attribute a1 ON a1.attnum = c.conkey[1] AND a1.attrelid = t1.oid
JOIN pg_attribute a2 ON a2.attnum = c.confkey[1] AND a2.attrelid = t2.oid
JOIN pg_namespace t3 ON c.connamespace = t3.oid
WHERE c.contype = 'f'
  AND t1.relname = 'users'
  AND t3.nspname = ANY (current_schemas(false))
ORDER BY c.conname

  [1m[36mActiveRecord::SchemaMigration Load (1.7ms)[0m  [1mSELECT "schema_migrations".* FROM "schema_migrations"[0m
  [1m[35m (27.9ms)[0m  BEGIN
  [1m[36mUser Exists (25.3ms)[0m  [1mSELECT  1 AS one FROM "users" WHERE "users"."token" = $1 LIMIT 1[0m  [["token", "4776cefd690f4d718a1987acc2bf4796"]]
  [1m[35mSQL (25.4ms)[0m  INSERT INTO "users" ("name", "email", "password_digest", "created_at", "updated_at", "token") VALUES ($1, $2, $3, $4, $5, $6) RETURNING "id"  [["name", "SamoanThor"], ["email", "samoan_thor@fastandfurious.com"], ["password_digest", "$2a$10$DP.6EKsWuS9MjNQW.wbnbufY5lPe0sQ4XDiZ6HxGI/LrQXaikiWSC"], ["created_at", "2015-03-12 21:49:24.893607"], ["updated_at", "2015-03-12 21:49:24.893607"], ["token", "4776cefd690f4d718a1987acc2bf4796"]]
  [1m[36m (10.9ms)[0m  [1mCOMMIT[0m
  [1m[35m (0.2ms)[0m  BEGIN
  [1m[36mUser Exists (0.4ms)[0m  [1mSELECT  1 AS one FROM "users" WHERE "users"."token" = $1 LIMIT 1[0m  [["token", "80af3801de9849c1aba445dd05fe5b3a"]]
  [1m[35mSQL (0.4ms)[0m  INSERT INTO "users" ("name", "email", "password_digest", "created_at", "updated_at", "token") VALUES ($1, $2, $3, $4, $5, $6) RETURNING "id"  [["name", "D.Torreto"], ["email", "dtoretto@fastandfurious.com"], ["password_digest", "$2a$10$SpU.EN9g.Z7WTV/m6AafKuCLfvNkcf97AKKItZ6h3ujE7OBAM1ZTe"], ["created_at", "2015-03-12 21:49:25.358070"], ["updated_at", "2015-03-12 21:49:25.358070"], ["token", "80af3801de9849c1aba445dd05fe5b3a"]]
  [1m[36m (0.6ms)[0m  [1mCOMMIT[0m
  [1m[35m (0.2ms)[0m  BEGIN
  [1m[36mUser Exists (0.3ms)[0m  [1mSELECT  1 AS one FROM "users" WHERE "users"."token" = $1 LIMIT 1[0m  [["token", "b98b1a4532ee4bae8e3e7bf15ba65595"]]
  [1m[35mSQL (0.3ms)[0m  INSERT INTO "users" ("name", "email", "password_digest", "created_at", "updated_at", "token") VALUES ($1, $2, $3, $4, $5, $6) RETURNING "id"  [["name", "Brian O'connor"], ["email", "evo@fastandfurious.com"], ["password_digest", "$2a$10$VWJsW10kT6Z1VbRsUH5LceASG1M.SgdpOd7Cm1nkfLV92cvCKwS/O"], ["created_at", "2015-03-12 21:49:25.458027"], ["updated_at", "2015-03-12 21:49:25.458027"], ["token", "b98b1a4532ee4bae8e3e7bf15ba65595"]]
  [1m[36m (0.7ms)[0m  [1mCOMMIT[0m
  [1m[35m (0.2ms)[0m  BEGIN
  [1m[36mSQL (1.5ms)[0m  [1mINSERT INTO "tournaments" ("question", "user_id", "created_at", "updated_at") VALUES ($1, $2, $3, $4) RETURNING "id"[0m  [["question", "Who should I chase? Owen Shaw or Dominic Torreto?"], ["user_id", 1], ["created_at", "2015-03-12 21:49:25.503651"], ["updated_at", "2015-03-12 21:49:25.503651"]]
  [1m[35m (0.7ms)[0m  COMMIT
  [1m[36m (0.1ms)[0m  [1mBEGIN[0m
  [1m[35m (0.3ms)[0m  ROLLBACK
  [1m[36mActiveRecord::SchemaMigration Load (0.8ms)[0m  [1mSELECT "schema_migrations".* FROM "schema_migrations"[0m
  [1m[35m (0.2ms)[0m  BEGIN
  [1m[36mUser Exists (1.4ms)[0m  [1mSELECT  1 AS one FROM "users" WHERE "users"."token" = $1 LIMIT 1[0m  [["token", "b64e3a0a43c042c5ab9a8aebfa46ff13"]]
  [1m[35mSQL (0.7ms)[0m  INSERT INTO "users" ("name", "email", "password_digest", "created_at", "updated_at", "token") VALUES ($1, $2, $3, $4, $5, $6) RETURNING "id"  [["name", "SamoanThor"], ["email", "samoan_thor@fastandfurious.com"], ["password_digest", "$2a$10$5oCejgajZdJH.O2zV9Efxen0ulbjwe80SqAofjvPJR54R9xvpUtY6"], ["created_at", "2015-03-12 21:52:22.647243"], ["updated_at", "2015-03-12 21:52:22.647243"], ["token", "b64e3a0a43c042c5ab9a8aebfa46ff13"]]
  [1m[36m (38.9ms)[0m  [1mCOMMIT[0m
  [1m[35m (0.2ms)[0m  BEGIN
  [1m[36mUser Exists (0.4ms)[0m  [1mSELECT  1 AS one FROM "users" WHERE "users"."token" = $1 LIMIT 1[0m  [["token", "9d54d9738c73490fa039caf5b2b2c831"]]
  [1m[35mSQL (0.3ms)[0m  INSERT INTO "users" ("name", "email", "password_digest", "created_at", "updated_at", "token") VALUES ($1, $2, $3, $4, $5, $6) RETURNING "id"  [["name", "D.Torreto"], ["email", "dtoretto@fastandfurious.com"], ["password_digest", "$2a$10$S9i9XxKb88kBjWbFsjU.4.hWrEGuo1gMaokwcevIlJRU7WlM3JqkO"], ["created_at", "2015-03-12 21:52:22.845205"], ["updated_at", "2015-03-12 21:52:22.845205"], ["token", "9d54d9738c73490fa039caf5b2b2c831"]]
  [1m[36m (0.6ms)[0m  [1mCOMMIT[0m
  [1m[35m (0.2ms)[0m  BEGIN
  [1m[36mUser Exists (0.4ms)[0m  [1mSELECT  1 AS one FROM "users" WHERE "users"."token" = $1 LIMIT 1[0m  [["token", "b71a4a3bfac442c8934097c879bc387a"]]
  [1m[35mSQL (0.3ms)[0m  INSERT INTO "users" ("name", "email", "password_digest", "created_at", "updated_at", "token") VALUES ($1, $2, $3, $4, $5, $6) RETURNING "id"  [["name", "Brian O'connor"], ["email", "evo@fastandfurious.com"], ["password_digest", "$2a$10$IHnEaqDAfD.nzoETesxvsu8MJ6AAhRZXNOzb.NRXIpfaoOC0uHNSm"], ["created_at", "2015-03-12 21:52:22.938899"], ["updated_at", "2015-03-12 21:52:22.938899"], ["token", "b71a4a3bfac442c8934097c879bc387a"]]
  [1m[36m (0.6ms)[0m  [1mCOMMIT[0m
  [1m[35m (0.2ms)[0m  BEGIN
  [1m[36mSQL (1.1ms)[0m  [1mINSERT INTO "tournaments" ("question", "user_id", "created_at", "updated_at") VALUES ($1, $2, $3, $4) RETURNING "id"[0m  [["question", "Who should I chase? Owen Shaw or Dominic Torreto?"], ["user_id", 4], ["created_at", "2015-03-12 21:52:22.990561"], ["updated_at", "2015-03-12 21:52:22.990561"]]
  [1m[35m (0.6ms)[0m  COMMIT
  [1m[36m (0.1ms)[0m  [1mBEGIN[0m
  [1m[35mSQL (0.5ms)[0m  INSERT INTO "tournaments" ("question", "user_id", "created_at", "updated_at") VALUES ($1, $2, $3, $4) RETURNING "id"  [["question", "American Muscle or Japanese Import?"], ["user_id", 4], ["created_at", "2015-03-12 21:52:22.995583"], ["updated_at", "2015-03-12 21:52:22.995583"]]
  [1m[36m (0.6ms)[0m  [1mCOMMIT[0m
  [1m[35m (0.2ms)[0m  BEGIN
  [1m[36m (0.2ms)[0m  [1mROLLBACK[0m
  [1m[36mActiveRecord::SchemaMigration Load (0.8ms)[0m  [1mSELECT "schema_migrations".* FROM "schema_migrations"[0m
  [1m[35m (0.7ms)[0m  BEGIN
  [1m[36mUser Exists (0.7ms)[0m  [1mSELECT  1 AS one FROM "users" WHERE "users"."token" = $1 LIMIT 1[0m  [["token", "175b65d17afb4b9db11c9f1757cb7812"]]
  [1m[35mSQL (0.6ms)[0m  INSERT INTO "users" ("name", "email", "password_digest", "created_at", "updated_at", "token") VALUES ($1, $2, $3, $4, $5, $6) RETURNING "id"  [["name", "SamoanThor"], ["email", "samoan_thor@fastandfurious.com"], ["password_digest", "$2a$10$RS3gOsm0nPRNU97xdUQKu.3l4RsxMZSiC2an554u7C7oubd/cEzg."], ["created_at", "2015-03-12 21:53:49.471023"], ["updated_at", "2015-03-12 21:53:49.471023"], ["token", "175b65d17afb4b9db11c9f1757cb7812"]]
  [1m[36m (153.4ms)[0m  [1mCOMMIT[0m
  [1m[35m (0.2ms)[0m  BEGIN
  [1m[36mUser Exists (0.4ms)[0m  [1mSELECT  1 AS one FROM "users" WHERE "users"."token" = $1 LIMIT 1[0m  [["token", "4df6a09b5c944fd29684cc64bb5b3e23"]]
  [1m[35mSQL (1.7ms)[0m  INSERT INTO "users" ("name", "email", "password_digest", "created_at", "updated_at", "token") VALUES ($1, $2, $3, $4, $5, $6) RETURNING "id"  [["name", "D.Torreto"], ["email", "dtoretto@fastandfurious.com"], ["password_digest", "$2a$10$BSDKSlMdPMWAtlZJDP8Vpe1GRBwLWi3liDax8bG8E2bG8DsUhMFV."], ["created_at", "2015-03-12 21:53:49.805745"], ["updated_at", "2015-03-12 21:53:49.805745"], ["token", "4df6a09b5c944fd29684cc64bb5b3e23"]]
  [1m[36m (0.7ms)[0m  [1mCOMMIT[0m
  [1m[35m (0.2ms)[0m  BEGIN
  [1m[36mUser Exists (0.4ms)[0m  [1mSELECT  1 AS one FROM "users" WHERE "users"."token" = $1 LIMIT 1[0m  [["token", "9c866884c491456d9d58708eec345f42"]]
  [1m[35mSQL (0.3ms)[0m  INSERT INTO "users" ("name", "email", "password_digest", "created_at", "updated_at", "token") VALUES ($1, $2, $3, $4, $5, $6) RETURNING "id"  [["name", "Brian O'connor"], ["email", "evo@fastandfurious.com"], ["password_digest", "$2a$10$AMGWbs5HFYzeg.vZazvTD.yaIam9/f/yg2TrAmeA5uji9/Jc37rCu"], ["created_at", "2015-03-12 21:53:49.915525"], ["updated_at", "2015-03-12 21:53:49.915525"], ["token", "9c866884c491456d9d58708eec345f42"]]
  [1m[36m (3.2ms)[0m  [1mCOMMIT[0m
  [1m[35m (0.2ms)[0m  BEGIN
  [1m[36mSQL (1.1ms)[0m  [1mINSERT INTO "tournaments" ("question", "user_id", "created_at", "updated_at") VALUES ($1, $2, $3, $4) RETURNING "id"[0m  [["question", "Who should I chase? Owen Shaw or Dominic Torreto?"], ["user_id", 7], ["created_at", "2015-03-12 21:53:49.976786"], ["updated_at", "2015-03-12 21:53:49.976786"]]
  [1m[35m (0.7ms)[0m  COMMIT
  [1m[36m (0.2ms)[0m  [1mBEGIN[0m
  [1m[35mSQL (0.6ms)[0m  INSERT INTO "tournaments" ("question", "user_id", "created_at", "updated_at") VALUES ($1, $2, $3, $4) RETURNING "id"  [["question", "American Muscle or Japanese Import?"], ["user_id", 7], ["created_at", "2015-03-12 21:53:49.982492"], ["updated_at", "2015-03-12 21:53:49.982492"]]
  [1m[36m (0.5ms)[0m  [1mCOMMIT[0m
  [1m[35m (0.3ms)[0m  BEGIN
  [1m[36mSQL (36.3ms)[0m  [1mINSERT INTO "images" ("url", "tournament_id", "created_at", "updated_at") VALUES ($1, $2, $3, $4) RETURNING "id"[0m  [["url", "knbfh"], ["tournament_id", 4], ["created_at", "2015-03-12 21:53:50.078293"], ["updated_at", "2015-03-12 21:53:50.078293"]]
  [1m[35m (0.6ms)[0m  COMMIT
  [1m[36m (0.2ms)[0m  [1mBEGIN[0m
  [1m[35mSQL (0.7ms)[0m  INSERT INTO "images" ("url", "tournament_id", "created_at", "updated_at") VALUES ($1, $2, $3, $4) RETURNING "id"  [["url", "kldfhlksh"], ["tournament_id", 4], ["created_at", "2015-03-12 21:53:50.119763"], ["updated_at", "2015-03-12 21:53:50.119763"]]
  [1m[36m (0.7ms)[0m  [1mCOMMIT[0m
  [1m[35m (0.1ms)[0m  BEGIN
  [1m[36mSQL (1.0ms)[0m  [1mINSERT INTO "images" ("url", "tournament_id", "created_at", "updated_at") VALUES ($1, $2, $3, $4) RETURNING "id"[0m  [["url", "lkjfldsk"], ["tournament_id", 5], ["created_at", "2015-03-12 21:53:50.124741"], ["updated_at", "2015-03-12 21:53:50.124741"]]
  [1m[35m (0.6ms)[0m  COMMIT
  [1m[36m (0.1ms)[0m  [1mBEGIN[0m
  [1m[35mSQL (0.6ms)[0m  INSERT INTO "images" ("url", "tournament_id", "created_at", "updated_at") VALUES ($1, $2, $3, $4) RETURNING "id"  [["url", "kfdhj"], ["tournament_id", 5], ["created_at", "2015-03-12 21:53:50.128604"], ["updated_at", "2015-03-12 21:53:50.128604"]]
  [1m[36m (0.6ms)[0m  [1mCOMMIT[0m
  [1m[35m (0.5ms)[0m  BEGIN
  [1m[36m (0.2ms)[0m  [1mROLLBACK[0m
  [1m[36mActiveRecord::SchemaMigration Load (0.8ms)[0m  [1mSELECT "schema_migrations".* FROM "schema_migrations"[0m
  [1m[35m (0.2ms)[0m  BEGIN
  [1m[36mUser Exists (0.7ms)[0m  [1mSELECT  1 AS one FROM "users" WHERE "users"."token" = $1 LIMIT 1[0m  [["token", "1c9f0cb34dbf4c2499d6df53945473d9"]]
  [1m[35mSQL (24.2ms)[0m  INSERT INTO "users" ("name", "email", "password_digest", "created_at", "updated_at", "token") VALUES ($1, $2, $3, $4, $5, $6) RETURNING "id"  [["name", "SamoanThor"], ["email", "samoan_thor@fastandfurious.com"], ["password_digest", "$2a$10$LslOmIMnpiyRliFxanWHc.LxlX8rPkrG37BsLHq6nF4C7W6Cqxd9e"], ["created_at", "2015-03-12 21:55:11.923282"], ["updated_at", "2015-03-12 21:55:11.923282"], ["token", "1c9f0cb34dbf4c2499d6df53945473d9"]]
  [1m[36m (63.8ms)[0m  [1mCOMMIT[0m
  [1m[35m (0.2ms)[0m  BEGIN
  [1m[36mUser Exists (0.4ms)[0m  [1mSELECT  1 AS one FROM "users" WHERE "users"."token" = $1 LIMIT 1[0m  [["token", "d64c97126eb14e5d91b9e257f02e6ce2"]]
  [1m[35mSQL (0.4ms)[0m  INSERT INTO "users" ("name", "email", "password_digest", "created_at", "updated_at", "token") VALUES ($1, $2, $3, $4, $5, $6) RETURNING "id"  [["name", "D.Torreto"], ["email", "dtoretto@fastandfurious.com"], ["password_digest", "$2a$10$cpv3a8QFPDzx5fYZJ453HuWe71ikq2E3DeaawJk.8lHpY5AedfuYm"], ["created_at", "2015-03-12 21:55:12.373468"], ["updated_at", "2015-03-12 21:55:12.373468"], ["token", "d64c97126eb14e5d91b9e257f02e6ce2"]]
  [1m[36m (2.9ms)[0m  [1mCOMMIT[0m
  [1m[35m (0.2ms)[0m  BEGIN
  [1m[36mUser Exists (0.4ms)[0m  [1mSELECT  1 AS one FROM "users" WHERE "users"."token" = $1 LIMIT 1[0m  [["token", "e49efe78cb3c4468b283c10391e5d9ed"]]
  [1m[35mSQL (0.3ms)[0m  INSERT INTO "users" ("name", "email", "password_digest", "created_at", "updated_at", "token") VALUES ($1, $2, $3, $4, $5, $6) RETURNING "id"  [["name", "Brian O'connor"], ["email", "evo@fastandfurious.com"], ["password_digest", "$2a$10$qOKa9gqhipvYENuzQWt97.KmA8pjABRG1Joq7p6UWhpiMVapuGSd2"], ["created_at", "2015-03-12 21:55:12.480289"], ["updated_at", "2015-03-12 21:55:12.480289"], ["token", "e49efe78cb3c4468b283c10391e5d9ed"]]
  [1m[36m (12.4ms)[0m  [1mCOMMIT[0m
  [1m[35m (0.2ms)[0m  BEGIN
  [1m[36mSQL (1.1ms)[0m  [1mINSERT INTO "tournaments" ("question", "user_id", "created_at", "updated_at") VALUES ($1, $2, $3, $4) RETURNING "id"[0m  [["question", "Who should I chase? Owen Shaw or Dominic Torreto?"], ["user_id", 10], ["created_at", "2015-03-12 21:55:12.555359"], ["updated_at", "2015-03-12 21:55:12.555359"]]
  [1m[35m (2.5ms)[0m  COMMIT
  [1m[36m (0.1ms)[0m  [1mBEGIN[0m
  [1m[35mSQL (0.6ms)[0m  INSERT INTO "tournaments" ("question", "user_id", "created_at", "updated_at") VALUES ($1, $2, $3, $4) RETURNING "id"  [["question", "American Muscle or Japanese Import?"], ["user_id", 10], ["created_at", "2015-03-12 21:55:12.562208"], ["updated_at", "2015-03-12 21:55:12.562208"]]
  [1m[36m (11.3ms)[0m  [1mCOMMIT[0m
  [1m[35m (0.2ms)[0m  BEGIN
  [1m[36mSQL (1.0ms)[0m  [1mINSERT INTO "images" ("url", "tournament_id", "created_at", "updated_at") VALUES ($1, $2, $3, $4) RETURNING "id"[0m  [["url", "knbfh"], ["tournament_id", 6], ["created_at", "2015-03-12 21:55:12.624965"], ["updated_at", "2015-03-12 21:55:12.624965"]]
  [1m[35m (11.1ms)[0m  COMMIT
  [1m[36m (0.3ms)[0m  [1mBEGIN[0m
  [1m[35mSQL (0.7ms)[0m  INSERT INTO "images" ("url", "tournament_id", "created_at", "updated_at") VALUES ($1, $2, $3, $4) RETURNING "id"  [["url", "kldfhlksh"], ["tournament_id", 6], ["created_at", "2015-03-12 21:55:12.641680"], ["updated_at", "2015-03-12 21:55:12.641680"]]
  [1m[36m (10.4ms)[0m  [1mCOMMIT[0m
  [1m[35m (0.3ms)[0m  BEGIN
  [1m[36mSQL (0.7ms)[0m  [1mINSERT INTO "images" ("url", "tournament_id", "created_at", "updated_at") VALUES ($1, $2, $3, $4) RETURNING "id"[0m  [["url", "lkjfldsk"], ["tournament_id", 7], ["created_at", "2015-03-12 21:55:12.657294"], ["updated_at", "2015-03-12 21:55:12.657294"]]
  [1m[35m (4.2ms)[0m  COMMIT
  [1m[36m (0.2ms)[0m  [1mBEGIN[0m
  [1m[35mSQL (0.7ms)[0m  INSERT INTO "images" ("url", "tournament_id", "created_at", "updated_at") VALUES ($1, $2, $3, $4) RETURNING "id"  [["url", "kfdhj"], ["tournament_id", 7], ["created_at", "2015-03-12 21:55:12.665375"], ["updated_at", "2015-03-12 21:55:12.665375"]]
  [1m[36m (14.4ms)[0m  [1mCOMMIT[0m
  [1m[35m (0.2ms)[0m  BEGIN
  [1m[36mSQL (40.6ms)[0m  [1mINSERT INTO "comments" ("body", "user_id", "tournament_id", "created_at", "updated_at") VALUES ($1, $2, $3, $4, $5) RETURNING "id"[0m  [["body", "I am 2 fast 4 you"], ["user_id", 11], ["tournament_id", 6], ["created_at", "2015-03-12 21:55:12.741790"], ["updated_at", "2015-03-12 21:55:12.741790"]]
  [1m[35m (13.4ms)[0m  COMMIT
  [1m[36m (0.2ms)[0m  [1mBEGIN[0m
  [1m[35mSQL (0.7ms)[0m  INSERT INTO "comments" ("body", "user_id", "tournament_id", "subcomment", "created_at", "updated_at") VALUES ($1, $2, $3, $4, $5, $6) RETURNING "id"  [["body", "Of course, Japanese Import!"], ["user_id", 12], ["tournament_id", 7], ["subcomment", "Psh, nah! American Muscle!"], ["created_at", "2015-03-12 21:55:12.805729"], ["updated_at", "2015-03-12 21:55:12.805729"]]
  [1m[36m (3.3ms)[0m  [1mCOMMIT[0m
  [1m[36mUser Load (1.2ms)[0m  [1mSELECT "users".* FROM "users"[0m
