  [1m[36m (43.1ms)[0m  [1mCREATE TABLE "schema_migrations" ("version" character varying NOT NULL) [0m
  [1m[35m (4.0ms)[0m  CREATE UNIQUE INDEX  "unique_schema_migrations" ON "schema_migrations"  ("version")
  [1m[36mActiveRecord::SchemaMigration Load (2.5ms)[0m  [1mSELECT "schema_migrations".* FROM "schema_migrations"[0m
Migrating to CreateUser (20150312145445)
  [1m[35m (0.5ms)[0m  BEGIN
  [1m[36m (12.7ms)[0m  [1mCREATE TABLE "users" ("id" serial primary key, "name" character varying, "password_digest" character varying, "token" character varying, "email" character varying) [0m
  [1m[35mSQL (1.9ms)[0m  INSERT INTO "schema_migrations" ("version") VALUES ($1)  [["version", "20150312145445"]]
  [1m[36m (2.4ms)[0m  [1mCOMMIT[0m
  [1m[35mActiveRecord::SchemaMigration Load (0.3ms)[0m  SELECT "schema_migrations".* FROM "schema_migrations"
  [1m[36m (5.6ms)[0m  [1mSELECT t2.oid::regclass::text AS to_table, a1.attname AS column, a2.attname AS primary_key, c.conname AS name, c.confupdtype AS on_update, c.confdeltype AS on_delete
FROM pg_constraint c
JOIN pg_class t1 ON c.conrelid = t1.oid
JOIN pg_class t2 ON c.confrelid = t2.oid
JOIN pg_attribute a1 ON a1.attnum = c.conkey[1] AND a1.attrelid = t1.oid
JOIN pg_attribute a2 ON a2.attnum = c.confkey[1] AND a2.attrelid = t2.oid
JOIN pg_namespace t3 ON c.connamespace = t3.oid
WHERE c.contype = 'f'
  AND t1.relname = 'users'
  AND t3.nspname = ANY (current_schemas(false))
ORDER BY c.conname
[0m
  [1m[36mActiveRecord::SchemaMigration Load (1.4ms)[0m  [1mSELECT "schema_migrations".* FROM "schema_migrations"[0m
  [1m[35mActiveRecord::SchemaMigration Load (0.2ms)[0m  SELECT "schema_migrations".* FROM "schema_migrations"
Migrating to CreateUser (20150312145445)
  [1m[36m (0.1ms)[0m  [1mBEGIN[0m
  [1m[35m (8.5ms)[0m  DROP TABLE "users"
  [1m[36mSQL (1.8ms)[0m  [1mDELETE FROM "schema_migrations" WHERE "schema_migrations"."version" = $1[0m  [["version", "20150312145445"]]
  [1m[35m (5.9ms)[0m  COMMIT
  [1m[36mActiveRecord::SchemaMigration Load (0.2ms)[0m  [1mSELECT "schema_migrations".* FROM "schema_migrations"[0m
  [1m[36mActiveRecord::SchemaMigration Load (13.3ms)[0m  [1mSELECT "schema_migrations".* FROM "schema_migrations"[0m
Migrating to CreateUser (20150312145445)
  [1m[35m (0.2ms)[0m  BEGIN
DEPRECATION WARNING: `#timestamp` was called without specifying an option for `null`. In Rails 5, this behavior will change to `null: false`. You should manually specify `null: true` to prevent the behavior of your existing migrations from changing. (called from block in change at /Users/Doug/WDI/Project/project2_api/Pixelect/db/migrate/20150312145445_create_user.rb:8)
  [1m[36m (16.8ms)[0m  [1mCREATE TABLE "users" ("id" serial primary key, "name" character varying, "password_digest" character varying, "token" character varying, "email" character varying, "created_at" timestamp, "updated_at" timestamp) [0m
  [1m[35mSQL (0.4ms)[0m  INSERT INTO "schema_migrations" ("version") VALUES ($1)  [["version", "20150312145445"]]
  [1m[36m (2.7ms)[0m  [1mCOMMIT[0m
Migrating to CreateTournament (20150312145606)
  [1m[35m (0.4ms)[0m  BEGIN
DEPRECATION WARNING: `#timestamp` was called without specifying an option for `null`. In Rails 5, this behavior will change to `null: false`. You should manually specify `null: true` to prevent the behavior of your existing migrations from changing. (called from block in change at /Users/Doug/WDI/Project/project2_api/Pixelect/db/migrate/20150312145606_create_tournament.rb:7)
  [1m[36m (13.2ms)[0m  [1mCREATE TABLE "tournaments" ("id" serial primary key, "user_id" integer, "question" character varying, "email_list" character varying, "created_at" timestamp, "updated_at" timestamp) [0m
  [1m[35m (2.0ms)[0m  CREATE  INDEX  "index_tournaments_on_user_id" ON "tournaments"  ("user_id")
  [1m[36m (27.1ms)[0m  [1mALTER TABLE "tournaments" ADD CONSTRAINT "fk_rails_0a07a7001f"
FOREIGN KEY ("user_id")
  REFERENCES "users" ("id")
[0m
  [1m[35mSQL (0.2ms)[0m  INSERT INTO "schema_migrations" ("version") VALUES ($1)  [["version", "20150312145606"]]
  [1m[36m (0.7ms)[0m  [1mCOMMIT[0m
  [1m[35mActiveRecord::SchemaMigration Load (0.3ms)[0m  SELECT "schema_migrations".* FROM "schema_migrations"
  [1m[36m (4.9ms)[0m  [1mSELECT t2.oid::regclass::text AS to_table, a1.attname AS column, a2.attname AS primary_key, c.conname AS name, c.confupdtype AS on_update, c.confdeltype AS on_delete
FROM pg_constraint c
JOIN pg_class t1 ON c.conrelid = t1.oid
JOIN pg_class t2 ON c.confrelid = t2.oid
JOIN pg_attribute a1 ON a1.attnum = c.conkey[1] AND a1.attrelid = t1.oid
JOIN pg_attribute a2 ON a2.attnum = c.confkey[1] AND a2.attrelid = t2.oid
JOIN pg_namespace t3 ON c.connamespace = t3.oid
WHERE c.contype = 'f'
  AND t1.relname = 'tournaments'
  AND t3.nspname = ANY (current_schemas(false))
ORDER BY c.conname
[0m
  [1m[35m (3.7ms)[0m  SELECT t2.oid::regclass::text AS to_table, a1.attname AS column, a2.attname AS primary_key, c.conname AS name, c.confupdtype AS on_update, c.confdeltype AS on_delete
FROM pg_constraint c
JOIN pg_class t1 ON c.conrelid = t1.oid
JOIN pg_class t2 ON c.confrelid = t2.oid
JOIN pg_attribute a1 ON a1.attnum = c.conkey[1] AND a1.attrelid = t1.oid
JOIN pg_attribute a2 ON a2.attnum = c.confkey[1] AND a2.attrelid = t2.oid
JOIN pg_namespace t3 ON c.connamespace = t3.oid
WHERE c.contype = 'f'
  AND t1.relname = 'users'
  AND t3.nspname = ANY (current_schemas(false))
ORDER BY c.conname

  [1m[36mActiveRecord::SchemaMigration Load (1.8ms)[0m  [1mSELECT "schema_migrations".* FROM "schema_migrations"[0m
Migrating to CreateImage (20150312145801)
  [1m[35m (0.2ms)[0m  BEGIN
DEPRECATION WARNING: `#timestamp` was called without specifying an option for `null`. In Rails 5, this behavior will change to `null: false`. You should manually specify `null: true` to prevent the behavior of your existing migrations from changing. (called from block in change at /Users/Doug/WDI/Project/project2_api/Pixelect/db/migrate/20150312145801_create_image.rb:8)
  [1m[36m (13.6ms)[0m  [1mCREATE TABLE "images" ("id" serial primary key, "tournament_id" integer, "url" character varying, "wins" integer, "flags" integer, "created_at" timestamp, "updated_at" timestamp) [0m
  [1m[35m (1.3ms)[0m  CREATE  INDEX  "index_images_on_tournament_id" ON "images"  ("tournament_id")
  [1m[36m (8.4ms)[0m  [1mALTER TABLE "images" ADD CONSTRAINT "fk_rails_a52071ff10"
FOREIGN KEY ("tournament_id")
  REFERENCES "tournaments" ("id")
[0m
  [1m[35mSQL (0.9ms)[0m  INSERT INTO "schema_migrations" ("version") VALUES ($1)  [["version", "20150312145801"]]
  [1m[36m (2.1ms)[0m  [1mCOMMIT[0m
  [1m[35mActiveRecord::SchemaMigration Load (0.4ms)[0m  SELECT "schema_migrations".* FROM "schema_migrations"
  [1m[36m (4.9ms)[0m  [1mSELECT t2.oid::regclass::text AS to_table, a1.attname AS column, a2.attname AS primary_key, c.conname AS name, c.confupdtype AS on_update, c.confdeltype AS on_delete
FROM pg_constraint c
JOIN pg_class t1 ON c.conrelid = t1.oid
JOIN pg_class t2 ON c.confrelid = t2.oid
JOIN pg_attribute a1 ON a1.attnum = c.conkey[1] AND a1.attrelid = t1.oid
JOIN pg_attribute a2 ON a2.attnum = c.confkey[1] AND a2.attrelid = t2.oid
JOIN pg_namespace t3 ON c.connamespace = t3.oid
WHERE c.contype = 'f'
  AND t1.relname = 'images'
  AND t3.nspname = ANY (current_schemas(false))
ORDER BY c.conname
[0m
  [1m[35m (3.9ms)[0m  SELECT t2.oid::regclass::text AS to_table, a1.attname AS column, a2.attname AS primary_key, c.conname AS name, c.confupdtype AS on_update, c.confdeltype AS on_delete
FROM pg_constraint c
JOIN pg_class t1 ON c.conrelid = t1.oid
JOIN pg_class t2 ON c.confrelid = t2.oid
JOIN pg_attribute a1 ON a1.attnum = c.conkey[1] AND a1.attrelid = t1.oid
JOIN pg_attribute a2 ON a2.attnum = c.confkey[1] AND a2.attrelid = t2.oid
JOIN pg_namespace t3 ON c.connamespace = t3.oid
WHERE c.contype = 'f'
  AND t1.relname = 'tournaments'
  AND t3.nspname = ANY (current_schemas(false))
ORDER BY c.conname

  [1m[36m (3.7ms)[0m  [1mSELECT t2.oid::regclass::text AS to_table, a1.attname AS column, a2.attname AS primary_key, c.conname AS name, c.confupdtype AS on_update, c.confdeltype AS on_delete
FROM pg_constraint c
JOIN pg_class t1 ON c.conrelid = t1.oid
JOIN pg_class t2 ON c.confrelid = t2.oid
JOIN pg_attribute a1 ON a1.attnum = c.conkey[1] AND a1.attrelid = t1.oid
JOIN pg_attribute a2 ON a2.attnum = c.confkey[1] AND a2.attrelid = t2.oid
JOIN pg_namespace t3 ON c.connamespace = t3.oid
WHERE c.contype = 'f'
  AND t1.relname = 'users'
  AND t3.nspname = ANY (current_schemas(false))
ORDER BY c.conname
[0m
  [1m[36mActiveRecord::SchemaMigration Load (1.9ms)[0m  [1mSELECT "schema_migrations".* FROM "schema_migrations"[0m
Migrating to CreateComment (20150312145902)
  [1m[35m (0.2ms)[0m  BEGIN
DEPRECATION WARNING: `#timestamp` was called without specifying an option for `null`. In Rails 5, this behavior will change to `null: false`. You should manually specify `null: true` to prevent the behavior of your existing migrations from changing. (called from block in change at /Users/Doug/WDI/Project/project2_api/Pixelect/db/migrate/20150312145902_create_comment.rb:7)
  [1m[36m (17.8ms)[0m  [1mCREATE TABLE "comments" ("id" serial primary key, "body" character varying, "tournament_id" integer, "user_id" integer, "created_at" timestamp, "updated_at" timestamp) [0m
  [1m[35m (1.3ms)[0m  CREATE  INDEX  "index_comments_on_tournament_id" ON "comments"  ("tournament_id")
  [1m[36m (2.5ms)[0m  [1mCREATE  INDEX  "index_comments_on_user_id" ON "comments"  ("user_id")[0m
  [1m[35m (11.1ms)[0m  ALTER TABLE "comments" ADD CONSTRAINT "fk_rails_47b0b93e47"
FOREIGN KEY ("tournament_id")
  REFERENCES "tournaments" ("id")

  [1m[36m (5.1ms)[0m  [1mALTER TABLE "comments" ADD CONSTRAINT "fk_rails_43ef1ff7cb"
FOREIGN KEY ("user_id")
  REFERENCES "users" ("id")
[0m
  [1m[35mSQL (0.4ms)[0m  INSERT INTO "schema_migrations" ("version") VALUES ($1)  [["version", "20150312145902"]]
  [1m[36m (0.7ms)[0m  [1mCOMMIT[0m
  [1m[35mActiveRecord::SchemaMigration Load (0.2ms)[0m  SELECT "schema_migrations".* FROM "schema_migrations"
  [1m[36m (6.1ms)[0m  [1mSELECT t2.oid::regclass::text AS to_table, a1.attname AS column, a2.attname AS primary_key, c.conname AS name, c.confupdtype AS on_update, c.confdeltype AS on_delete
FROM pg_constraint c
JOIN pg_class t1 ON c.conrelid = t1.oid
JOIN pg_class t2 ON c.confrelid = t2.oid
JOIN pg_attribute a1 ON a1.attnum = c.conkey[1] AND a1.attrelid = t1.oid
JOIN pg_attribute a2 ON a2.attnum = c.confkey[1] AND a2.attrelid = t2.oid
JOIN pg_namespace t3 ON c.connamespace = t3.oid
WHERE c.contype = 'f'
  AND t1.relname = 'comments'
  AND t3.nspname = ANY (current_schemas(false))
ORDER BY c.conname
[0m
  [1m[35m (4.2ms)[0m  SELECT t2.oid::regclass::text AS to_table, a1.attname AS column, a2.attname AS primary_key, c.conname AS name, c.confupdtype AS on_update, c.confdeltype AS on_delete
FROM pg_constraint c
JOIN pg_class t1 ON c.conrelid = t1.oid
JOIN pg_class t2 ON c.confrelid = t2.oid
JOIN pg_attribute a1 ON a1.attnum = c.conkey[1] AND a1.attrelid = t1.oid
JOIN pg_attribute a2 ON a2.attnum = c.confkey[1] AND a2.attrelid = t2.oid
JOIN pg_namespace t3 ON c.connamespace = t3.oid
WHERE c.contype = 'f'
  AND t1.relname = 'images'
  AND t3.nspname = ANY (current_schemas(false))
ORDER BY c.conname

  [1m[36m (4.1ms)[0m  [1mSELECT t2.oid::regclass::text AS to_table, a1.attname AS column, a2.attname AS primary_key, c.conname AS name, c.confupdtype AS on_update, c.confdeltype AS on_delete
FROM pg_constraint c
JOIN pg_class t1 ON c.conrelid = t1.oid
JOIN pg_class t2 ON c.confrelid = t2.oid
JOIN pg_attribute a1 ON a1.attnum = c.conkey[1] AND a1.attrelid = t1.oid
JOIN pg_attribute a2 ON a2.attnum = c.confkey[1] AND a2.attrelid = t2.oid
JOIN pg_namespace t3 ON c.connamespace = t3.oid
WHERE c.contype = 'f'
  AND t1.relname = 'tournaments'
  AND t3.nspname = ANY (current_schemas(false))
ORDER BY c.conname
[0m
  [1m[35m (3.8ms)[0m  SELECT t2.oid::regclass::text AS to_table, a1.attname AS column, a2.attname AS primary_key, c.conname AS name, c.confupdtype AS on_update, c.confdeltype AS on_delete
FROM pg_constraint c
JOIN pg_class t1 ON c.conrelid = t1.oid
JOIN pg_class t2 ON c.confrelid = t2.oid
JOIN pg_attribute a1 ON a1.attnum = c.conkey[1] AND a1.attrelid = t1.oid
JOIN pg_attribute a2 ON a2.attnum = c.confkey[1] AND a2.attrelid = t2.oid
JOIN pg_namespace t3 ON c.connamespace = t3.oid
WHERE c.contype = 'f'
  AND t1.relname = 'users'
  AND t3.nspname = ANY (current_schemas(false))
ORDER BY c.conname

  [1m[36m (17.5ms)[0m  [1mCREATE TABLE "schema_migrations" ("version" character varying NOT NULL) [0m
  [1m[35m (4.1ms)[0m  CREATE UNIQUE INDEX  "unique_schema_migrations" ON "schema_migrations"  ("version")
  [1m[36mActiveRecord::SchemaMigration Load (2.4ms)[0m  [1mSELECT "schema_migrations".* FROM "schema_migrations"[0m
Migrating to CreateUser (20150312145445)
  [1m[35m (0.2ms)[0m  BEGIN
DEPRECATION WARNING: `#timestamp` was called without specifying an option for `null`. In Rails 5, this behavior will change to `null: false`. You should manually specify `null: true` to prevent the behavior of your existing migrations from changing. (called from block in change at /Users/Doug/WDI/Project/project2_api/Pixelect/db/migrate/20150312145445_create_user.rb:8)
  [1m[36m (11.5ms)[0m  [1mCREATE TABLE "users" ("id" serial primary key, "name" character varying, "password_digest" character varying, "token" character varying, "email" character varying, "created_at" timestamp, "updated_at" timestamp) [0m
  [1m[35mSQL (0.4ms)[0m  INSERT INTO "schema_migrations" ("version") VALUES ($1)  [["version", "20150312145445"]]
  [1m[36m (0.7ms)[0m  [1mCOMMIT[0m
Migrating to CreateTournament (20150312145606)
  [1m[35m (0.4ms)[0m  BEGIN
DEPRECATION WARNING: `#timestamp` was called without specifying an option for `null`. In Rails 5, this behavior will change to `null: false`. You should manually specify `null: true` to prevent the behavior of your existing migrations from changing. (called from block in change at /Users/Doug/WDI/Project/project2_api/Pixelect/db/migrate/20150312145606_create_tournament.rb:7)
  [1m[36m (4.4ms)[0m  [1mCREATE TABLE "tournaments" ("id" serial primary key, "user_id" integer, "question" character varying, "email_list" character varying, "created_at" timestamp, "updated_at" timestamp) [0m
  [1m[35m (1.3ms)[0m  CREATE  INDEX  "index_tournaments_on_user_id" ON "tournaments"  ("user_id")
  [1m[36m (10.3ms)[0m  [1mALTER TABLE "tournaments" ADD CONSTRAINT "fk_rails_1dfece388b"
FOREIGN KEY ("user_id")
  REFERENCES "users" ("id")
[0m
  [1m[35mSQL (1.2ms)[0m  INSERT INTO "schema_migrations" ("version") VALUES ($1)  [["version", "20150312145606"]]
  [1m[36m (0.6ms)[0m  [1mCOMMIT[0m
Migrating to CreateImage (20150312145801)
  [1m[35m (0.4ms)[0m  BEGIN
DEPRECATION WARNING: `#timestamp` was called without specifying an option for `null`. In Rails 5, this behavior will change to `null: false`. You should manually specify `null: true` to prevent the behavior of your existing migrations from changing. (called from block in change at /Users/Doug/WDI/Project/project2_api/Pixelect/db/migrate/20150312145801_create_image.rb:8)
  [1m[36m (7.7ms)[0m  [1mCREATE TABLE "images" ("id" serial primary key, "tournament_id" integer, "url" character varying, "wins" integer DEFAULT 0, "flags" integer DEFAULT 0, "created_at" timestamp, "updated_at" timestamp) [0m
  [1m[35m (1.2ms)[0m  CREATE  INDEX  "index_images_on_tournament_id" ON "images"  ("tournament_id")
  [1m[36m (4.7ms)[0m  [1mALTER TABLE "images" ADD CONSTRAINT "fk_rails_a818149a23"
FOREIGN KEY ("tournament_id")
  REFERENCES "tournaments" ("id")
[0m
  [1m[35mSQL (0.2ms)[0m  INSERT INTO "schema_migrations" ("version") VALUES ($1)  [["version", "20150312145801"]]
  [1m[36m (0.6ms)[0m  [1mCOMMIT[0m
Migrating to CreateComment (20150312145902)
  [1m[35m (0.5ms)[0m  BEGIN
DEPRECATION WARNING: `#timestamp` was called without specifying an option for `null`. In Rails 5, this behavior will change to `null: false`. You should manually specify `null: true` to prevent the behavior of your existing migrations from changing. (called from block in change at /Users/Doug/WDI/Project/project2_api/Pixelect/db/migrate/20150312145902_create_comment.rb:7)
  [1m[36m (4.3ms)[0m  [1mCREATE TABLE "comments" ("id" serial primary key, "body" character varying, "tournament_id" integer, "user_id" integer, "created_at" timestamp, "updated_at" timestamp) [0m
  [1m[35m (1.0ms)[0m  CREATE  INDEX  "index_comments_on_tournament_id" ON "comments"  ("tournament_id")
  [1m[36m (1.0ms)[0m  [1mCREATE  INDEX  "index_comments_on_user_id" ON "comments"  ("user_id")[0m
  [1m[35m (5.3ms)[0m  ALTER TABLE "comments" ADD CONSTRAINT "fk_rails_8c61856292"
FOREIGN KEY ("tournament_id")
  REFERENCES "tournaments" ("id")

  [1m[36m (2.0ms)[0m  [1mALTER TABLE "comments" ADD CONSTRAINT "fk_rails_eb9b03142e"
FOREIGN KEY ("user_id")
  REFERENCES "users" ("id")
[0m
  [1m[35mSQL (0.3ms)[0m  INSERT INTO "schema_migrations" ("version") VALUES ($1)  [["version", "20150312145902"]]
  [1m[36m (0.5ms)[0m  [1mCOMMIT[0m
  [1m[35mActiveRecord::SchemaMigration Load (0.2ms)[0m  SELECT "schema_migrations".* FROM "schema_migrations"
  [1m[36m (5.5ms)[0m  [1mSELECT t2.oid::regclass::text AS to_table, a1.attname AS column, a2.attname AS primary_key, c.conname AS name, c.confupdtype AS on_update, c.confdeltype AS on_delete
FROM pg_constraint c
JOIN pg_class t1 ON c.conrelid = t1.oid
JOIN pg_class t2 ON c.confrelid = t2.oid
JOIN pg_attribute a1 ON a1.attnum = c.conkey[1] AND a1.attrelid = t1.oid
JOIN pg_attribute a2 ON a2.attnum = c.confkey[1] AND a2.attrelid = t2.oid
JOIN pg_namespace t3 ON c.connamespace = t3.oid
WHERE c.contype = 'f'
  AND t1.relname = 'comments'
  AND t3.nspname = ANY (current_schemas(false))
ORDER BY c.conname
[0m
  [1m[35m (6.6ms)[0m  SELECT t2.oid::regclass::text AS to_table, a1.attname AS column, a2.attname AS primary_key, c.conname AS name, c.confupdtype AS on_update, c.confdeltype AS on_delete
FROM pg_constraint c
JOIN pg_class t1 ON c.conrelid = t1.oid
JOIN pg_class t2 ON c.confrelid = t2.oid
JOIN pg_attribute a1 ON a1.attnum = c.conkey[1] AND a1.attrelid = t1.oid
JOIN pg_attribute a2 ON a2.attnum = c.confkey[1] AND a2.attrelid = t2.oid
JOIN pg_namespace t3 ON c.connamespace = t3.oid
WHERE c.contype = 'f'
  AND t1.relname = 'images'
  AND t3.nspname = ANY (current_schemas(false))
ORDER BY c.conname

  [1m[36m (4.6ms)[0m  [1mSELECT t2.oid::regclass::text AS to_table, a1.attname AS column, a2.attname AS primary_key, c.conname AS name, c.confupdtype AS on_update, c.confdeltype AS on_delete
FROM pg_constraint c
JOIN pg_class t1 ON c.conrelid = t1.oid
JOIN pg_class t2 ON c.confrelid = t2.oid
JOIN pg_attribute a1 ON a1.attnum = c.conkey[1] AND a1.attrelid = t1.oid
JOIN pg_attribute a2 ON a2.attnum = c.confkey[1] AND a2.attrelid = t2.oid
JOIN pg_namespace t3 ON c.connamespace = t3.oid
WHERE c.contype = 'f'
  AND t1.relname = 'tournaments'
  AND t3.nspname = ANY (current_schemas(false))
ORDER BY c.conname
[0m
  [1m[35m (4.2ms)[0m  SELECT t2.oid::regclass::text AS to_table, a1.attname AS column, a2.attname AS primary_key, c.conname AS name, c.confupdtype AS on_update, c.confdeltype AS on_delete
FROM pg_constraint c
JOIN pg_class t1 ON c.conrelid = t1.oid
JOIN pg_class t2 ON c.confrelid = t2.oid
JOIN pg_attribute a1 ON a1.attnum = c.conkey[1] AND a1.attrelid = t1.oid
JOIN pg_attribute a2 ON a2.attnum = c.confkey[1] AND a2.attrelid = t2.oid
JOIN pg_namespace t3 ON c.connamespace = t3.oid
WHERE c.contype = 'f'
  AND t1.relname = 'users'
  AND t3.nspname = ANY (current_schemas(false))
ORDER BY c.conname

  [1m[36m (35.5ms)[0m  [1mCREATE TABLE "schema_migrations" ("version" character varying NOT NULL) [0m
  [1m[35m (3.1ms)[0m  CREATE UNIQUE INDEX  "unique_schema_migrations" ON "schema_migrations"  ("version")
  [1m[36mActiveRecord::SchemaMigration Load (2.4ms)[0m  [1mSELECT "schema_migrations".* FROM "schema_migrations"[0m
Migrating to CreateUser (20150312145445)
  [1m[35m (0.3ms)[0m  BEGIN
DEPRECATION WARNING: `#timestamp` was called without specifying an option for `null`. In Rails 5, this behavior will change to `null: false`. You should manually specify `null: true` to prevent the behavior of your existing migrations from changing. (called from block in change at /Users/Doug/WDI/Project/project2_api/Pixelect/db/migrate/20150312145445_create_user.rb:8)
  [1m[36m (10.5ms)[0m  [1mCREATE TABLE "users" ("id" serial primary key, "name" character varying, "password_digest" character varying, "token" character varying, "email" character varying, "created_at" timestamp, "updated_at" timestamp) [0m
  [1m[35mSQL (1.0ms)[0m  INSERT INTO "schema_migrations" ("version") VALUES ($1)  [["version", "20150312145445"]]
  [1m[36m (0.9ms)[0m  [1mCOMMIT[0m
Migrating to CreateTournament (20150312145606)
  [1m[35m (0.4ms)[0m  BEGIN
DEPRECATION WARNING: `#timestamp` was called without specifying an option for `null`. In Rails 5, this behavior will change to `null: false`. You should manually specify `null: true` to prevent the behavior of your existing migrations from changing. (called from block in change at /Users/Doug/WDI/Project/project2_api/Pixelect/db/migrate/20150312145606_create_tournament.rb:7)
  [1m[36m (9.2ms)[0m  [1mCREATE TABLE "tournaments" ("id" serial primary key, "user_id" integer, "question" character varying, "email_list" character varying, "created_at" timestamp, "updated_at" timestamp) [0m
  [1m[35m (1.3ms)[0m  CREATE  INDEX  "index_tournaments_on_user_id" ON "tournaments"  ("user_id")
  [1m[36m (14.2ms)[0m  [1mALTER TABLE "tournaments" ADD CONSTRAINT "fk_rails_7f92db0eb1"
FOREIGN KEY ("user_id")
  REFERENCES "users" ("id")
[0m
  [1m[35mSQL (1.3ms)[0m  INSERT INTO "schema_migrations" ("version") VALUES ($1)  [["version", "20150312145606"]]
  [1m[36m (2.4ms)[0m  [1mCOMMIT[0m
Migrating to CreateImage (20150312145801)
  [1m[35m (0.3ms)[0m  BEGIN
DEPRECATION WARNING: `#timestamp` was called without specifying an option for `null`. In Rails 5, this behavior will change to `null: false`. You should manually specify `null: true` to prevent the behavior of your existing migrations from changing. (called from block in change at /Users/Doug/WDI/Project/project2_api/Pixelect/db/migrate/20150312145801_create_image.rb:8)
  [1m[36m (5.5ms)[0m  [1mCREATE TABLE "images" ("id" serial primary key, "tournament_id" integer, "url" character varying, "wins" integer DEFAULT 0, "flags" integer DEFAULT 0, "created_at" timestamp, "updated_at" timestamp) [0m
  [1m[35m (2.2ms)[0m  CREATE  INDEX  "index_images_on_tournament_id" ON "images"  ("tournament_id")
  [1m[36m (8.0ms)[0m  [1mALTER TABLE "images" ADD CONSTRAINT "fk_rails_76e415c0bf"
FOREIGN KEY ("tournament_id")
  REFERENCES "tournaments" ("id")
[0m
  [1m[35mSQL (0.4ms)[0m  INSERT INTO "schema_migrations" ("version") VALUES ($1)  [["version", "20150312145801"]]
  [1m[36m (1.0ms)[0m  [1mCOMMIT[0m
Migrating to CreateComment (20150312145902)
  [1m[35m (0.4ms)[0m  BEGIN
DEPRECATION WARNING: `#timestamp` was called without specifying an option for `null`. In Rails 5, this behavior will change to `null: false`. You should manually specify `null: true` to prevent the behavior of your existing migrations from changing. (called from block in change at /Users/Doug/WDI/Project/project2_api/Pixelect/db/migrate/20150312145902_create_comment.rb:8)
  [1m[36m (5.0ms)[0m  [1mCREATE TABLE "comments" ("id" serial primary key, "body" character varying, "tournament_id" integer, "user_id" integer, "subcomment" character varying, "created_at" timestamp, "updated_at" timestamp) [0m
  [1m[35m (1.7ms)[0m  CREATE  INDEX  "index_comments_on_tournament_id" ON "comments"  ("tournament_id")
  [1m[36m (1.9ms)[0m  [1mCREATE  INDEX  "index_comments_on_user_id" ON "comments"  ("user_id")[0m
  [1m[35m (8.9ms)[0m  ALTER TABLE "comments" ADD CONSTRAINT "fk_rails_e2ebec983e"
FOREIGN KEY ("tournament_id")
  REFERENCES "tournaments" ("id")

  [1m[36m (1.6ms)[0m  [1mALTER TABLE "comments" ADD CONSTRAINT "fk_rails_59d548a26f"
FOREIGN KEY ("user_id")
  REFERENCES "users" ("id")
[0m
  [1m[35mSQL (0.3ms)[0m  INSERT INTO "schema_migrations" ("version") VALUES ($1)  [["version", "20150312145902"]]
  [1m[36m (0.6ms)[0m  [1mCOMMIT[0m
  [1m[35mActiveRecord::SchemaMigration Load (0.3ms)[0m  SELECT "schema_migrations".* FROM "schema_migrations"
  [1m[36m (4.7ms)[0m  [1mSELECT t2.oid::regclass::text AS to_table, a1.attname AS column, a2.attname AS primary_key, c.conname AS name, c.confupdtype AS on_update, c.confdeltype AS on_delete
FROM pg_constraint c
JOIN pg_class t1 ON c.conrelid = t1.oid
JOIN pg_class t2 ON c.confrelid = t2.oid
JOIN pg_attribute a1 ON a1.attnum = c.conkey[1] AND a1.attrelid = t1.oid
JOIN pg_attribute a2 ON a2.attnum = c.confkey[1] AND a2.attrelid = t2.oid
JOIN pg_namespace t3 ON c.connamespace = t3.oid
WHERE c.contype = 'f'
  AND t1.relname = 'comments'
  AND t3.nspname = ANY (current_schemas(false))
ORDER BY c.conname
[0m
  [1m[35m (3.9ms)[0m  SELECT t2.oid::regclass::text AS to_table, a1.attname AS column, a2.attname AS primary_key, c.conname AS name, c.confupdtype AS on_update, c.confdeltype AS on_delete
FROM pg_constraint c
JOIN pg_class t1 ON c.conrelid = t1.oid
JOIN pg_class t2 ON c.confrelid = t2.oid
JOIN pg_attribute a1 ON a1.attnum = c.conkey[1] AND a1.attrelid = t1.oid
JOIN pg_attribute a2 ON a2.attnum = c.confkey[1] AND a2.attrelid = t2.oid
JOIN pg_namespace t3 ON c.connamespace = t3.oid
WHERE c.contype = 'f'
  AND t1.relname = 'images'
  AND t3.nspname = ANY (current_schemas(false))
ORDER BY c.conname

  [1m[36m (4.3ms)[0m  [1mSELECT t2.oid::regclass::text AS to_table, a1.attname AS column, a2.attname AS primary_key, c.conname AS name, c.confupdtype AS on_update, c.confdeltype AS on_delete
FROM pg_constraint c
JOIN pg_class t1 ON c.conrelid = t1.oid
JOIN pg_class t2 ON c.confrelid = t2.oid
JOIN pg_attribute a1 ON a1.attnum = c.conkey[1] AND a1.attrelid = t1.oid
JOIN pg_attribute a2 ON a2.attnum = c.confkey[1] AND a2.attrelid = t2.oid
JOIN pg_namespace t3 ON c.connamespace = t3.oid
WHERE c.contype = 'f'
  AND t1.relname = 'tournaments'
  AND t3.nspname = ANY (current_schemas(false))
ORDER BY c.conname
[0m
  [1m[35m (4.3ms)[0m  SELECT t2.oid::regclass::text AS to_table, a1.attname AS column, a2.attname AS primary_key, c.conname AS name, c.confupdtype AS on_update, c.confdeltype AS on_delete
FROM pg_constraint c
JOIN pg_class t1 ON c.conrelid = t1.oid
JOIN pg_class t2 ON c.confrelid = t2.oid
JOIN pg_attribute a1 ON a1.attnum = c.conkey[1] AND a1.attrelid = t1.oid
JOIN pg_attribute a2 ON a2.attnum = c.confkey[1] AND a2.attrelid = t2.oid
JOIN pg_namespace t3 ON c.connamespace = t3.oid
WHERE c.contype = 'f'
  AND t1.relname = 'users'
  AND t3.nspname = ANY (current_schemas(false))
ORDER BY c.conname

  [1m[36m (17.1ms)[0m  [1mCREATE TABLE "schema_migrations" ("version" character varying NOT NULL) [0m
  [1m[35m (3.3ms)[0m  CREATE UNIQUE INDEX  "unique_schema_migrations" ON "schema_migrations"  ("version")
  [1m[36mActiveRecord::SchemaMigration Load (2.8ms)[0m  [1mSELECT "schema_migrations".* FROM "schema_migrations"[0m
Migrating to CreateUser (20150312145445)
  [1m[35m (0.2ms)[0m  BEGIN
DEPRECATION WARNING: `#timestamp` was called without specifying an option for `null`. In Rails 5, this behavior will change to `null: false`. You should manually specify `null: true` to prevent the behavior of your existing migrations from changing. (called from block in change at /Users/Doug/WDI/Project/project2_api/Pixelect/db/migrate/20150312145445_create_user.rb:8)
  [1m[36m (11.6ms)[0m  [1mCREATE TABLE "users" ("id" serial primary key, "name" character varying, "password_digest" character varying, "token" character varying, "email" character varying, "created_at" timestamp, "updated_at" timestamp) [0m
  [1m[35mSQL (0.8ms)[0m  INSERT INTO "schema_migrations" ("version") VALUES ($1)  [["version", "20150312145445"]]
  [1m[36m (0.6ms)[0m  [1mCOMMIT[0m
Migrating to CreateTournament (20150312145606)
  [1m[35m (0.3ms)[0m  BEGIN
DEPRECATION WARNING: `#timestamp` was called without specifying an option for `null`. In Rails 5, this behavior will change to `null: false`. You should manually specify `null: true` to prevent the behavior of your existing migrations from changing. (called from block in change at /Users/Doug/WDI/Project/project2_api/Pixelect/db/migrate/20150312145606_create_tournament.rb:7)
  [1m[36m (5.0ms)[0m  [1mCREATE TABLE "tournaments" ("id" serial primary key, "user_id" integer, "question" character varying, "email_list" character varying, "created_at" timestamp, "updated_at" timestamp) [0m
  [1m[35m (1.2ms)[0m  CREATE  INDEX  "index_tournaments_on_user_id" ON "tournaments"  ("user_id")
  [1m[36m (10.6ms)[0m  [1mALTER TABLE "tournaments" ADD CONSTRAINT "fk_rails_663f3c67f9"
FOREIGN KEY ("user_id")
  REFERENCES "users" ("id")
[0m
  [1m[35mSQL (1.1ms)[0m  INSERT INTO "schema_migrations" ("version") VALUES ($1)  [["version", "20150312145606"]]
  [1m[36m (0.7ms)[0m  [1mCOMMIT[0m
Migrating to CreateImage (20150312145801)
  [1m[35m (0.3ms)[0m  BEGIN
DEPRECATION WARNING: `#timestamp` was called without specifying an option for `null`. In Rails 5, this behavior will change to `null: false`. You should manually specify `null: true` to prevent the behavior of your existing migrations from changing. (called from block in change at /Users/Doug/WDI/Project/project2_api/Pixelect/db/migrate/20150312145801_create_image.rb:8)
  [1m[36m (5.4ms)[0m  [1mCREATE TABLE "images" ("id" serial primary key, "tournament_id" integer, "url" character varying, "wins" integer DEFAULT 0, "flags" integer DEFAULT 0, "created_at" timestamp, "updated_at" timestamp) [0m
  [1m[35m (1.3ms)[0m  CREATE  INDEX  "index_images_on_tournament_id" ON "images"  ("tournament_id")
  [1m[36m (5.3ms)[0m  [1mALTER TABLE "images" ADD CONSTRAINT "fk_rails_81c0b9485a"
FOREIGN KEY ("tournament_id")
  REFERENCES "tournaments" ("id")
[0m
  [1m[35mSQL (0.2ms)[0m  INSERT INTO "schema_migrations" ("version") VALUES ($1)  [["version", "20150312145801"]]
  [1m[36m (0.5ms)[0m  [1mCOMMIT[0m
Migrating to CreateComment (20150312145902)
  [1m[35m (0.5ms)[0m  BEGIN
DEPRECATION WARNING: `#timestamp` was called without specifying an option for `null`. In Rails 5, this behavior will change to `null: false`. You should manually specify `null: true` to prevent the behavior of your existing migrations from changing. (called from block in change at /Users/Doug/WDI/Project/project2_api/Pixelect/db/migrate/20150312145902_create_comment.rb:8)
  [1m[36m (6.9ms)[0m  [1mCREATE TABLE "comments" ("id" serial primary key, "body" character varying, "tournament_id" integer, "user_id" integer, "subcomment" character varying, "created_at" timestamp, "updated_at" timestamp) [0m
  [1m[35m (1.1ms)[0m  CREATE  INDEX  "index_comments_on_tournament_id" ON "comments"  ("tournament_id")
  [1m[36m (1.7ms)[0m  [1mCREATE  INDEX  "index_comments_on_user_id" ON "comments"  ("user_id")[0m
  [1m[35m (7.7ms)[0m  ALTER TABLE "comments" ADD CONSTRAINT "fk_rails_1e7aa74ac0"
FOREIGN KEY ("tournament_id")
  REFERENCES "tournaments" ("id")

  [1m[36m (2.0ms)[0m  [1mALTER TABLE "comments" ADD CONSTRAINT "fk_rails_bd989a539b"
FOREIGN KEY ("user_id")
  REFERENCES "users" ("id")
[0m
  [1m[35mSQL (0.2ms)[0m  INSERT INTO "schema_migrations" ("version") VALUES ($1)  [["version", "20150312145902"]]
  [1m[36m (0.6ms)[0m  [1mCOMMIT[0m
  [1m[35mActiveRecord::SchemaMigration Load (0.4ms)[0m  SELECT "schema_migrations".* FROM "schema_migrations"
  [1m[36m (4.5ms)[0m  [1mSELECT t2.oid::regclass::text AS to_table, a1.attname AS column, a2.attname AS primary_key, c.conname AS name, c.confupdtype AS on_update, c.confdeltype AS on_delete
FROM pg_constraint c
JOIN pg_class t1 ON c.conrelid = t1.oid
JOIN pg_class t2 ON c.confrelid = t2.oid
JOIN pg_attribute a1 ON a1.attnum = c.conkey[1] AND a1.attrelid = t1.oid
JOIN pg_attribute a2 ON a2.attnum = c.confkey[1] AND a2.attrelid = t2.oid
JOIN pg_namespace t3 ON c.connamespace = t3.oid
WHERE c.contype = 'f'
  AND t1.relname = 'comments'
  AND t3.nspname = ANY (current_schemas(false))
ORDER BY c.conname
[0m
  [1m[35m (3.8ms)[0m  SELECT t2.oid::regclass::text AS to_table, a1.attname AS column, a2.attname AS primary_key, c.conname AS name, c.confupdtype AS on_update, c.confdeltype AS on_delete
FROM pg_constraint c
JOIN pg_class t1 ON c.conrelid = t1.oid
JOIN pg_class t2 ON c.confrelid = t2.oid
JOIN pg_attribute a1 ON a1.attnum = c.conkey[1] AND a1.attrelid = t1.oid
JOIN pg_attribute a2 ON a2.attnum = c.confkey[1] AND a2.attrelid = t2.oid
JOIN pg_namespace t3 ON c.connamespace = t3.oid
WHERE c.contype = 'f'
  AND t1.relname = 'images'
  AND t3.nspname = ANY (current_schemas(false))
ORDER BY c.conname

  [1m[36m (3.7ms)[0m  [1mSELECT t2.oid::regclass::text AS to_table, a1.attname AS column, a2.attname AS primary_key, c.conname AS name, c.confupdtype AS on_update, c.confdeltype AS on_delete
FROM pg_constraint c
JOIN pg_class t1 ON c.conrelid = t1.oid
JOIN pg_class t2 ON c.confrelid = t2.oid
JOIN pg_attribute a1 ON a1.attnum = c.conkey[1] AND a1.attrelid = t1.oid
JOIN pg_attribute a2 ON a2.attnum = c.confkey[1] AND a2.attrelid = t2.oid
JOIN pg_namespace t3 ON c.connamespace = t3.oid
WHERE c.contype = 'f'
  AND t1.relname = 'tournaments'
  AND t3.nspname = ANY (current_schemas(false))
ORDER BY c.conname
[0m
  [1m[35m (3.7ms)[0m  SELECT t2.oid::regclass::text AS to_table, a1.attname AS column, a2.attname AS primary_key, c.conname AS name, c.confupdtype AS on_update, c.confdeltype AS on_delete
FROM pg_constraint c
JOIN pg_class t1 ON c.conrelid = t1.oid
JOIN pg_class t2 ON c.confrelid = t2.oid
JOIN pg_attribute a1 ON a1.attnum = c.conkey[1] AND a1.attrelid = t1.oid
JOIN pg_attribute a2 ON a2.attnum = c.confkey[1] AND a2.attrelid = t2.oid
JOIN pg_namespace t3 ON c.connamespace = t3.oid
WHERE c.contype = 'f'
  AND t1.relname = 'users'
  AND t3.nspname = ANY (current_schemas(false))
ORDER BY c.conname

  [1m[36mActiveRecord::SchemaMigration Load (0.2ms)[0m  [1mSELECT "schema_migrations".* FROM "schema_migrations"[0m
  [1m[35m (0.2ms)[0m  BEGIN
  [1m[36mUser Exists (0.4ms)[0m  [1mSELECT  1 AS one FROM "users" WHERE "users"."token" = $1 LIMIT 1[0m  [["token", "68dde7e96ba94f5d9865995a56ddc85d"]]
  [1m[35mSQL (1.3ms)[0m  INSERT INTO "users" ("name", "email", "password_digest", "created_at", "updated_at", "token") VALUES ($1, $2, $3, $4, $5, $6) RETURNING "id"  [["name", "SamoanThor"], ["email", "samoan_thor@fastandfurious.com"], ["password_digest", "$2a$10$eYsHpRLyVFEO9/DtkXcW3eI/gH4KE2s1zNeQalkVe2ymL17PXCQp."], ["created_at", "2015-03-12 21:58:13.334197"], ["updated_at", "2015-03-12 21:58:13.334197"], ["token", "68dde7e96ba94f5d9865995a56ddc85d"]]
  [1m[36m (0.5ms)[0m  [1mCOMMIT[0m
  [1m[35m (0.1ms)[0m  BEGIN
  [1m[36mUser Exists (0.2ms)[0m  [1mSELECT  1 AS one FROM "users" WHERE "users"."token" = $1 LIMIT 1[0m  [["token", "54675fa536ef48dc8a259babe8d97695"]]
  [1m[35mSQL (0.3ms)[0m  INSERT INTO "users" ("name", "email", "password_digest", "created_at", "updated_at", "token") VALUES ($1, $2, $3, $4, $5, $6) RETURNING "id"  [["name", "D.Torreto"], ["email", "dtoretto@fastandfurious.com"], ["password_digest", "$2a$10$XXebYj.dLPgzjsQLqG3SI.8MGUxZy0RnKE0QzDZN4BluI.JOo5IKa"], ["created_at", "2015-03-12 21:58:13.451023"], ["updated_at", "2015-03-12 21:58:13.451023"], ["token", "54675fa536ef48dc8a259babe8d97695"]]
  [1m[36m (0.6ms)[0m  [1mCOMMIT[0m
  [1m[35m (0.2ms)[0m  BEGIN
  [1m[36mUser Exists (0.3ms)[0m  [1mSELECT  1 AS one FROM "users" WHERE "users"."token" = $1 LIMIT 1[0m  [["token", "4474aa46823a4d5aac9442043c6be468"]]
  [1m[35mSQL (0.3ms)[0m  INSERT INTO "users" ("name", "email", "password_digest", "created_at", "updated_at", "token") VALUES ($1, $2, $3, $4, $5, $6) RETURNING "id"  [["name", "Brian O'connor"], ["email", "evo@fastandfurious.com"], ["password_digest", "$2a$10$Y5UHCclL0wcIl1miIuIXHusCXfysik03/XodYer5hp0dycJEloJ2K"], ["created_at", "2015-03-12 21:58:13.536829"], ["updated_at", "2015-03-12 21:58:13.536829"], ["token", "4474aa46823a4d5aac9442043c6be468"]]
  [1m[36m (0.5ms)[0m  [1mCOMMIT[0m
  [1m[35m (0.1ms)[0m  BEGIN
  [1m[36mSQL (0.8ms)[0m  [1mINSERT INTO "tournaments" ("question", "user_id", "created_at", "updated_at") VALUES ($1, $2, $3, $4) RETURNING "id"[0m  [["question", "Who should I chase? Owen Shaw or Dominic Torreto?"], ["user_id", 1], ["created_at", "2015-03-12 21:58:13.548332"], ["updated_at", "2015-03-12 21:58:13.548332"]]
  [1m[35m (0.4ms)[0m  COMMIT
  [1m[36m (0.1ms)[0m  [1mBEGIN[0m
  [1m[35mSQL (0.4ms)[0m  INSERT INTO "tournaments" ("question", "user_id", "created_at", "updated_at") VALUES ($1, $2, $3, $4) RETURNING "id"  [["question", "American Muscle or Japanese Import?"], ["user_id", 1], ["created_at", "2015-03-12 21:58:13.551868"], ["updated_at", "2015-03-12 21:58:13.551868"]]
  [1m[36m (0.4ms)[0m  [1mCOMMIT[0m
  [1m[35m (0.1ms)[0m  BEGIN
  [1m[36mSQL (1.0ms)[0m  [1mINSERT INTO "images" ("url", "tournament_id", "created_at", "updated_at") VALUES ($1, $2, $3, $4) RETURNING "id"[0m  [["url", "knbfh"], ["tournament_id", 1], ["created_at", "2015-03-12 21:58:13.565611"], ["updated_at", "2015-03-12 21:58:13.565611"]]
  [1m[35m (0.4ms)[0m  COMMIT
  [1m[36m (0.1ms)[0m  [1mBEGIN[0m
  [1m[35mSQL (0.6ms)[0m  INSERT INTO "images" ("url", "tournament_id", "created_at", "updated_at") VALUES ($1, $2, $3, $4) RETURNING "id"  [["url", "kldfhlksh"], ["tournament_id", 1], ["created_at", "2015-03-12 21:58:13.569403"], ["updated_at", "2015-03-12 21:58:13.569403"]]
  [1m[36m (0.5ms)[0m  [1mCOMMIT[0m
  [1m[35m (0.1ms)[0m  BEGIN
  [1m[36mSQL (0.6ms)[0m  [1mINSERT INTO "images" ("url", "tournament_id", "created_at", "updated_at") VALUES ($1, $2, $3, $4) RETURNING "id"[0m  [["url", "lkjfldsk"], ["tournament_id", 2], ["created_at", "2015-03-12 21:58:13.573080"], ["updated_at", "2015-03-12 21:58:13.573080"]]
  [1m[35m (0.5ms)[0m  COMMIT
  [1m[36m (0.1ms)[0m  [1mBEGIN[0m
  [1m[35mSQL (0.4ms)[0m  INSERT INTO "images" ("url", "tournament_id", "created_at", "updated_at") VALUES ($1, $2, $3, $4) RETURNING "id"  [["url", "kfdhj"], ["tournament_id", 2], ["created_at", "2015-03-12 21:58:13.576725"], ["updated_at", "2015-03-12 21:58:13.576725"]]
  [1m[36m (0.4ms)[0m  [1mCOMMIT[0m
  [1m[35m (0.2ms)[0m  BEGIN
  [1m[36mSQL (1.6ms)[0m  [1mINSERT INTO "comments" ("body", "user_id", "tournament_id", "created_at", "updated_at") VALUES ($1, $2, $3, $4, $5) RETURNING "id"[0m  [["body", "I am 2 fast 4 you"], ["user_id", 2], ["tournament_id", 1], ["created_at", "2015-03-12 21:58:13.589416"], ["updated_at", "2015-03-12 21:58:13.589416"]]
  [1m[35m (0.5ms)[0m  COMMIT
  [1m[36m (0.1ms)[0m  [1mBEGIN[0m
  [1m[35mSQL (0.5ms)[0m  INSERT INTO "comments" ("body", "user_id", "tournament_id", "subcomment", "created_at", "updated_at") VALUES ($1, $2, $3, $4, $5, $6) RETURNING "id"  [["body", "Of course, Japanese Import!"], ["user_id", 3], ["tournament_id", 2], ["subcomment", "Psh, nah! American Muscle!"], ["created_at", "2015-03-12 21:58:13.594276"], ["updated_at", "2015-03-12 21:58:13.594276"]]
  [1m[36m (0.7ms)[0m  [1mCOMMIT[0m


Started GET "/users" for ::1 at 2015-03-12 17:58:30 -0400
  [1m[36mActiveRecord::SchemaMigration Load (2.3ms)[0m  [1mSELECT "schema_migrations".* FROM "schema_migrations"[0m

ActionController::RoutingError (No route matches [GET] "/users"):
  actionpack (4.2.0) lib/action_dispatch/middleware/debug_exceptions.rb:21:in `call'
  actionpack (4.2.0) lib/action_dispatch/middleware/show_exceptions.rb:30:in `call'
  railties (4.2.0) lib/rails/rack/logger.rb:38:in `call_app'
  railties (4.2.0) lib/rails/rack/logger.rb:20:in `block in call'
  activesupport (4.2.0) lib/active_support/tagged_logging.rb:68:in `block in tagged'
  activesupport (4.2.0) lib/active_support/tagged_logging.rb:26:in `tagged'
  activesupport (4.2.0) lib/active_support/tagged_logging.rb:68:in `tagged'
  railties (4.2.0) lib/rails/rack/logger.rb:20:in `call'
  actionpack (4.2.0) lib/action_dispatch/middleware/request_id.rb:21:in `call'
  rack (1.6.0) lib/rack/runtime.rb:18:in `call'
  activesupport (4.2.0) lib/active_support/cache/strategy/local_cache_middleware.rb:28:in `call'
  rack (1.6.0) lib/rack/lock.rb:17:in `call'
  actionpack (4.2.0) lib/action_dispatch/middleware/static.rb:113:in `call'
  rack-cors (0.3.1) lib/rack/cors.rb:72:in `call'
  railties (4.2.0) lib/rails/engine.rb:518:in `call'
  railties (4.2.0) lib/rails/application.rb:164:in `call'
  rack (1.6.0) lib/rack/lock.rb:17:in `call'
  rack (1.6.0) lib/rack/content_length.rb:15:in `call'
  rack (1.6.0) lib/rack/handler/webrick.rb:89:in `service'
  /usr/local/var/rbenv/versions/2.2.0/lib/ruby/2.2.0/webrick/httpserver.rb:138:in `service'
  /usr/local/var/rbenv/versions/2.2.0/lib/ruby/2.2.0/webrick/httpserver.rb:94:in `run'
  /usr/local/var/rbenv/versions/2.2.0/lib/ruby/2.2.0/webrick/server.rb:294:in `block in start_thread'


  Rendered /usr/local/var/rbenv/versions/2.2.0/lib/ruby/gems/2.2.0/gems/actionpack-4.2.0/lib/action_dispatch/middleware/templates/rescues/_trace.html.erb (3.0ms)
  Rendered /usr/local/var/rbenv/versions/2.2.0/lib/ruby/gems/2.2.0/gems/actionpack-4.2.0/lib/action_dispatch/middleware/templates/routes/_route.html.erb (2.4ms)
  Rendered /usr/local/var/rbenv/versions/2.2.0/lib/ruby/gems/2.2.0/gems/actionpack-4.2.0/lib/action_dispatch/middleware/templates/routes/_table.html.erb (34.3ms)
  Rendered /usr/local/var/rbenv/versions/2.2.0/lib/ruby/gems/2.2.0/gems/actionpack-4.2.0/lib/action_dispatch/middleware/templates/rescues/_request_and_response.html.erb (2.0ms)
  Rendered /usr/local/var/rbenv/versions/2.2.0/lib/ruby/gems/2.2.0/gems/actionpack-4.2.0/lib/action_dispatch/middleware/templates/rescues/routing_error.html.erb within rescues/layout (194.1ms)


Started GET "/" for ::1 at 2015-03-12 17:58:37 -0400
Processing by Rails::WelcomeController#index as HTML
  Rendered /usr/local/var/rbenv/versions/2.2.0/lib/ruby/gems/2.2.0/gems/railties-4.2.0/lib/rails/templates/rails/welcome/index.html.erb (1.5ms)
Completed 200 OK in 32ms (Views: 32.0ms | ActiveRecord: 0.0ms)


Started GET "/tournaments" for ::1 at 2015-03-12 17:58:47 -0400
Processing by TournamentsController#index as HTML
  [1m[35mTournament Load (2.5ms)[0m  SELECT "tournaments".* FROM "tournaments"
  [1m[36mComment Load (2.9ms)[0m  [1mSELECT "comments".* FROM "comments" WHERE "comments"."tournament_id" = $1[0m  [["tournament_id", 1]]
  [1m[35mImage Load (2.2ms)[0m  SELECT "images".* FROM "images" WHERE "images"."tournament_id" = $1  [["tournament_id", 1]]
  [1m[36mComment Load (0.4ms)[0m  [1mSELECT "comments".* FROM "comments" WHERE "comments"."tournament_id" = $1[0m  [["tournament_id", 2]]
  [1m[35mImage Load (0.4ms)[0m  SELECT "images".* FROM "images" WHERE "images"."tournament_id" = $1  [["tournament_id", 2]]
Completed 200 OK in 120ms (Views: 87.5ms | ActiveRecord: 22.9ms)


Started GET "/tournaments" for ::1 at 2015-03-13 07:42:10 -0400
  [1m[36mActiveRecord::SchemaMigration Load (32.8ms)[0m  [1mSELECT "schema_migrations".* FROM "schema_migrations"[0m
Processing by TournamentsController#index as HTML
  [1m[35mTournament Load (53.1ms)[0m  SELECT "tournaments".* FROM "tournaments"
  [1m[36mComment Load (84.7ms)[0m  [1mSELECT "comments".* FROM "comments" WHERE "comments"."tournament_id" = $1[0m  [["tournament_id", 1]]
  [1m[35mImage Load (53.2ms)[0m  SELECT "images".* FROM "images" WHERE "images"."tournament_id" = $1  [["tournament_id", 1]]
  [1m[36mComment Load (0.5ms)[0m  [1mSELECT "comments".* FROM "comments" WHERE "comments"."tournament_id" = $1[0m  [["tournament_id", 2]]
  [1m[35mImage Load (0.6ms)[0m  SELECT "images".* FROM "images" WHERE "images"."tournament_id" = $1  [["tournament_id", 2]]
Completed 200 OK in 401ms (Views: 89.7ms | ActiveRecord: 300.1ms)


Started GET "/users" for ::1 at 2015-03-13 07:42:20 -0400

ActionController::RoutingError (No route matches [GET] "/users"):
  actionpack (4.2.0) lib/action_dispatch/middleware/debug_exceptions.rb:21:in `call'
  actionpack (4.2.0) lib/action_dispatch/middleware/show_exceptions.rb:30:in `call'
  railties (4.2.0) lib/rails/rack/logger.rb:38:in `call_app'
  railties (4.2.0) lib/rails/rack/logger.rb:20:in `block in call'
  activesupport (4.2.0) lib/active_support/tagged_logging.rb:68:in `block in tagged'
  activesupport (4.2.0) lib/active_support/tagged_logging.rb:26:in `tagged'
  activesupport (4.2.0) lib/active_support/tagged_logging.rb:68:in `tagged'
  railties (4.2.0) lib/rails/rack/logger.rb:20:in `call'
  actionpack (4.2.0) lib/action_dispatch/middleware/request_id.rb:21:in `call'
  rack (1.6.0) lib/rack/runtime.rb:18:in `call'
  activesupport (4.2.0) lib/active_support/cache/strategy/local_cache_middleware.rb:28:in `call'
  rack (1.6.0) lib/rack/lock.rb:17:in `call'
  actionpack (4.2.0) lib/action_dispatch/middleware/static.rb:113:in `call'
  rack-cors (0.3.1) lib/rack/cors.rb:72:in `call'
  railties (4.2.0) lib/rails/engine.rb:518:in `call'
  railties (4.2.0) lib/rails/application.rb:164:in `call'
  rack (1.6.0) lib/rack/lock.rb:17:in `call'
  rack (1.6.0) lib/rack/content_length.rb:15:in `call'
  rack (1.6.0) lib/rack/handler/webrick.rb:89:in `service'
  /usr/local/var/rbenv/versions/2.2.0/lib/ruby/2.2.0/webrick/httpserver.rb:138:in `service'
  /usr/local/var/rbenv/versions/2.2.0/lib/ruby/2.2.0/webrick/httpserver.rb:94:in `run'
  /usr/local/var/rbenv/versions/2.2.0/lib/ruby/2.2.0/webrick/server.rb:294:in `block in start_thread'


  Rendered /usr/local/var/rbenv/versions/2.2.0/lib/ruby/gems/2.2.0/gems/actionpack-4.2.0/lib/action_dispatch/middleware/templates/rescues/_trace.html.erb (3.0ms)
  Rendered /usr/local/var/rbenv/versions/2.2.0/lib/ruby/gems/2.2.0/gems/actionpack-4.2.0/lib/action_dispatch/middleware/templates/routes/_route.html.erb (1.8ms)
  Rendered /usr/local/var/rbenv/versions/2.2.0/lib/ruby/gems/2.2.0/gems/actionpack-4.2.0/lib/action_dispatch/middleware/templates/routes/_table.html.erb (37.9ms)
  Rendered /usr/local/var/rbenv/versions/2.2.0/lib/ruby/gems/2.2.0/gems/actionpack-4.2.0/lib/action_dispatch/middleware/templates/rescues/_request_and_response.html.erb (1.7ms)
  Rendered /usr/local/var/rbenv/versions/2.2.0/lib/ruby/gems/2.2.0/gems/actionpack-4.2.0/lib/action_dispatch/middleware/templates/rescues/routing_error.html.erb within rescues/layout (202.4ms)


Started GET "/users/1" for ::1 at 2015-03-13 07:42:28 -0400
Processing by UsersController#show as HTML
  Parameters: {"id"=>"1"}
  [1m[36mUser Load (31.6ms)[0m  [1mSELECT  "users".* FROM "users" WHERE "users"."id" = $1 LIMIT 1[0m  [["id", 1]]
  [1m[35mComment Load (0.3ms)[0m  SELECT "comments".* FROM "comments" WHERE "comments"."user_id" = $1  [["user_id", 1]]
Completed 200 OK in 63ms (Views: 4.4ms | ActiveRecord: 35.7ms)


Started GET "/users/1" for ::1 at 2015-03-13 07:43:21 -0400
Processing by UsersController#show as HTML
  Parameters: {"id"=>"1"}
  [1m[36mUser Load (0.3ms)[0m  [1mSELECT  "users".* FROM "users" WHERE "users"."id" = $1 LIMIT 1[0m  [["id", 1]]
  [1m[35mTournament Load (0.3ms)[0m  SELECT "tournaments".* FROM "tournaments" WHERE "tournaments"."user_id" = $1  [["user_id", 1]]
Completed 200 OK in 29ms (Views: 11.8ms | ActiveRecord: 6.5ms)


Started GET "/users/1" for ::1 at 2015-03-13 07:44:10 -0400
Processing by UsersController#show as HTML
  Parameters: {"id"=>"1"}
  [1m[36mUser Load (0.4ms)[0m  [1mSELECT  "users".* FROM "users" WHERE "users"."id" = $1 LIMIT 1[0m  [["id", 1]]
  [1m[35mTournament Load (0.3ms)[0m  SELECT "tournaments".* FROM "tournaments" WHERE "tournaments"."user_id" = $1  [["user_id", 1]]
  [1m[36mComment Load (0.3ms)[0m  [1mSELECT "comments".* FROM "comments" WHERE "comments"."user_id" = $1[0m  [["user_id", 1]]
Completed 200 OK in 41ms (Views: 17.8ms | ActiveRecord: 8.4ms)


Started GET "/users/1" for ::1 at 2015-03-13 07:44:13 -0400
Processing by UsersController#show as HTML
  Parameters: {"id"=>"1"}
  [1m[35mUser Load (0.5ms)[0m  SELECT  "users".* FROM "users" WHERE "users"."id" = $1 LIMIT 1  [["id", 1]]
  [1m[36mTournament Load (0.5ms)[0m  [1mSELECT "tournaments".* FROM "tournaments" WHERE "tournaments"."user_id" = $1[0m  [["user_id", 1]]
  [1m[35mComment Load (0.5ms)[0m  SELECT "comments".* FROM "comments" WHERE "comments"."user_id" = $1  [["user_id", 1]]
Completed 200 OK in 6ms (Views: 3.3ms | ActiveRecord: 1.5ms)


Started GET "/tournaments" for ::1 at 2015-03-13 07:44:31 -0400
Processing by TournamentsController#index as HTML
  [1m[36mTournament Load (0.7ms)[0m  [1mSELECT "tournaments".* FROM "tournaments"[0m
Completed 500 Internal Server Error in 17ms

NoMethodError (undefined method `popular' for #<Tournament:0x007f952b1aa6e0>):
  app/controllers/tournaments_controller.rb:9:in `index'


  Rendered /usr/local/var/rbenv/versions/2.2.0/lib/ruby/gems/2.2.0/gems/actionpack-4.2.0/lib/action_dispatch/middleware/templates/rescues/_source.erb (6.9ms)
  Rendered /usr/local/var/rbenv/versions/2.2.0/lib/ruby/gems/2.2.0/gems/actionpack-4.2.0/lib/action_dispatch/middleware/templates/rescues/_trace.html.erb (8.7ms)
  Rendered /usr/local/var/rbenv/versions/2.2.0/lib/ruby/gems/2.2.0/gems/actionpack-4.2.0/lib/action_dispatch/middleware/templates/rescues/_request_and_response.html.erb (1.2ms)
  Rendered /usr/local/var/rbenv/versions/2.2.0/lib/ruby/gems/2.2.0/gems/actionpack-4.2.0/lib/action_dispatch/middleware/templates/rescues/diagnostics.html.erb within rescues/layout (70.9ms)


Started GET "/tournaments" for ::1 at 2015-03-13 07:44:54 -0400
Processing by TournamentsController#index as HTML
  [1m[35mTournament Load (0.6ms)[0m  SELECT "tournaments".* FROM "tournaments"
  [1m[36mComment Load (0.3ms)[0m  [1mSELECT "comments".* FROM "comments" WHERE "comments"."tournament_id" = $1[0m  [["tournament_id", 1]]
  [1m[35mImage Load (0.3ms)[0m  SELECT "images".* FROM "images" WHERE "images"."tournament_id" = $1  [["tournament_id", 1]]
  [1m[36mComment Load (0.3ms)[0m  [1mSELECT "comments".* FROM "comments" WHERE "comments"."tournament_id" = $1[0m  [["tournament_id", 2]]
  [1m[35mImage Load (0.4ms)[0m  SELECT "images".* FROM "images" WHERE "images"."tournament_id" = $1  [["tournament_id", 2]]
Completed 200 OK in 44ms (Views: 29.4ms | ActiveRecord: 10.0ms)


Started GET "/tournaments" for ::1 at 2015-03-13 07:46:03 -0400
Processing by TournamentsController#index as HTML
  [1m[36mTournament Load (9.4ms)[0m  [1mSELECT "tournaments".* FROM "tournaments"[0m
  [1m[35mComment Load (0.3ms)[0m  SELECT "comments".* FROM "comments" WHERE "comments"."tournament_id" = $1  [["tournament_id", 1]]
  [1m[36mImage Load (0.3ms)[0m  [1mSELECT "images".* FROM "images" WHERE "images"."tournament_id" = $1[0m  [["tournament_id", 1]]
  [1m[35mComment Load (0.5ms)[0m  SELECT "comments".* FROM "comments" WHERE "comments"."tournament_id" = $1  [["tournament_id", 2]]
  [1m[36mImage Load (0.3ms)[0m  [1mSELECT "images".* FROM "images" WHERE "images"."tournament_id" = $1[0m  [["tournament_id", 2]]
Completed 200 OK in 69ms (Views: 34.6ms | ActiveRecord: 29.8ms)


Started GET "/tournaments" for ::1 at 2015-03-13 07:46:23 -0400
Processing by TournamentsController#index as HTML
  [1m[35mTournament Load (0.4ms)[0m  SELECT "tournaments".* FROM "tournaments"
  [1m[36mComment Load (0.2ms)[0m  [1mSELECT "comments".* FROM "comments" WHERE "comments"."tournament_id" = $1[0m  [["tournament_id", 1]]
  [1m[35mImage Load (0.2ms)[0m  SELECT "images".* FROM "images" WHERE "images"."tournament_id" = $1  [["tournament_id", 1]]
  [1m[36mComment Load (0.2ms)[0m  [1mSELECT "comments".* FROM "comments" WHERE "comments"."tournament_id" = $1[0m  [["tournament_id", 2]]
  [1m[35mImage Load (0.2ms)[0m  SELECT "images".* FROM "images" WHERE "images"."tournament_id" = $1  [["tournament_id", 2]]
Completed 200 OK in 50ms (Views: 36.3ms | ActiveRecord: 8.6ms)


Started GET "/tournaments" for ::1 at 2015-03-13 07:49:16 -0400
Processing by TournamentsController#index as HTML
  [1m[36mTournament Load (0.6ms)[0m  [1mSELECT "tournaments".* FROM "tournaments"[0m
  [1m[35mImage Load (0.3ms)[0m  SELECT "images".* FROM "images" WHERE "images"."tournament_id" = $1  [["tournament_id", 1]]
  [1m[36mComment Load (0.5ms)[0m  [1mSELECT "comments".* FROM "comments" WHERE "comments"."tournament_id" = $1[0m  [["tournament_id", 1]]
  [1m[35mImage Load (0.3ms)[0m  SELECT "images".* FROM "images" WHERE "images"."tournament_id" = $1  [["tournament_id", 2]]
  [1m[36mComment Load (0.3ms)[0m  [1mSELECT "comments".* FROM "comments" WHERE "comments"."tournament_id" = $1[0m  [["tournament_id", 2]]
Completed 200 OK in 93ms (Views: 74.0ms | ActiveRecord: 10.5ms)


Started GET "/tournaments" for ::1 at 2015-03-13 07:49:31 -0400
Processing by TournamentsController#index as HTML
  [1m[35mTournament Load (0.5ms)[0m  SELECT "tournaments".* FROM "tournaments"
  [1m[36mImage Load (2.2ms)[0m  [1mSELECT "images".* FROM "images" WHERE "images"."tournament_id" = $1[0m  [["tournament_id", 1]]
  [1m[35mComment Load (0.3ms)[0m  SELECT "comments".* FROM "comments" WHERE "comments"."tournament_id" = $1  [["tournament_id", 1]]
  [1m[36mImage Load (0.4ms)[0m  [1mSELECT "images".* FROM "images" WHERE "images"."tournament_id" = $1[0m  [["tournament_id", 2]]
  [1m[35mComment Load (1.7ms)[0m  SELECT "comments".* FROM "comments" WHERE "comments"."tournament_id" = $1  [["tournament_id", 2]]
Completed 200 OK in 70ms (Views: 50.7ms | ActiveRecord: 13.9ms)
  [1m[36mActiveRecord::SchemaMigration Load (3.0ms)[0m  [1mSELECT "schema_migrations".* FROM "schema_migrations"[0m
  [1m[35m (0.9ms)[0m  BEGIN
  [1m[36mUser Exists (1.4ms)[0m  [1mSELECT  1 AS one FROM "users" WHERE "users"."token" = $1 LIMIT 1[0m  [["token", "a8a289afec3043e5943557d25daad313"]]
  [1m[35mSQL (6.0ms)[0m  INSERT INTO "users" ("name", "email", "password_digest", "created_at", "updated_at", "token") VALUES ($1, $2, $3, $4, $5, $6) RETURNING "id"  [["name", "SamoanThor"], ["email", "samoan_thor@fastandfurious.com"], ["password_digest", "$2a$10$JofLqMQEPehOieIvd2DBuecRDEQkhLmGRTDnWy2x6RTTFMETPkxeu"], ["created_at", "2015-03-13 14:01:54.450510"], ["updated_at", "2015-03-13 14:01:54.450510"], ["token", "a8a289afec3043e5943557d25daad313"]]
  [1m[36m (29.6ms)[0m  [1mCOMMIT[0m
  [1m[35m (0.2ms)[0m  BEGIN
  [1m[36mUser Exists (0.4ms)[0m  [1mSELECT  1 AS one FROM "users" WHERE "users"."token" = $1 LIMIT 1[0m  [["token", "19a3c21cd5fe4aa89ff0a2887a29f77b"]]
  [1m[35mSQL (0.3ms)[0m  INSERT INTO "users" ("name", "email", "password_digest", "created_at", "updated_at", "token") VALUES ($1, $2, $3, $4, $5, $6) RETURNING "id"  [["name", "D.Torreto"], ["email", "dtoretto@fastandfurious.com"], ["password_digest", "$2a$10$dgxcKXCMgqDTL1M4FvRXMOg/JxFC6iftSOO4aYvKfNl82hbvhBQiO"], ["created_at", "2015-03-13 14:01:54.614322"], ["updated_at", "2015-03-13 14:01:54.614322"], ["token", "19a3c21cd5fe4aa89ff0a2887a29f77b"]]
  [1m[36m (0.4ms)[0m  [1mCOMMIT[0m
  [1m[35m (0.2ms)[0m  BEGIN
  [1m[36mUser Exists (0.4ms)[0m  [1mSELECT  1 AS one FROM "users" WHERE "users"."token" = $1 LIMIT 1[0m  [["token", "74012c5926f54031bc87c5b3c73a441b"]]
  [1m[35mSQL (0.3ms)[0m  INSERT INTO "users" ("name", "email", "password_digest", "created_at", "updated_at", "token") VALUES ($1, $2, $3, $4, $5, $6) RETURNING "id"  [["name", "Brian O'connor"], ["email", "evo@fastandfurious.com"], ["password_digest", "$2a$10$Gb8NPpnfP/yi6P/b1WP4BOJESOAn6KFfkIaCSBXH7D6oEbNBBkD9."], ["created_at", "2015-03-13 14:01:54.709648"], ["updated_at", "2015-03-13 14:01:54.709648"], ["token", "74012c5926f54031bc87c5b3c73a441b"]]
  [1m[36m (0.5ms)[0m  [1mCOMMIT[0m
  [1m[35m (0.2ms)[0m  BEGIN
  [1m[36mSQL (4.4ms)[0m  [1mINSERT INTO "tournaments" ("question", "user_id", "created_at", "updated_at") VALUES ($1, $2, $3, $4) RETURNING "id"[0m  [["question", "Who should I chase? Owen Shaw or Dominic Torreto?"], ["user_id", 5], ["created_at", "2015-03-13 14:01:54.727236"], ["updated_at", "2015-03-13 14:01:54.727236"]]
  [1m[35m (0.4ms)[0m  COMMIT
  [1m[36m (0.1ms)[0m  [1mBEGIN[0m
  [1m[35mSQL (0.7ms)[0m  INSERT INTO "tournaments" ("question", "user_id", "created_at", "updated_at") VALUES ($1, $2, $3, $4) RETURNING "id"  [["question", "American Muscle or Japanese Import?"], ["user_id", 5], ["created_at", "2015-03-13 14:01:54.735508"], ["updated_at", "2015-03-13 14:01:54.735508"]]
  [1m[36m (0.5ms)[0m  [1mCOMMIT[0m
  [1m[35m (0.2ms)[0m  BEGIN
  [1m[36mSQL (3.5ms)[0m  [1mINSERT INTO "images" ("url", "tournament_id", "created_at", "updated_at") VALUES ($1, $2, $3, $4) RETURNING "id"[0m  [["url", "knbfh"], ["tournament_id", 4], ["created_at", "2015-03-13 14:01:54.755675"], ["updated_at", "2015-03-13 14:01:54.755675"]]
  [1m[35m (0.4ms)[0m  COMMIT
  [1m[36m (0.1ms)[0m  [1mBEGIN[0m
  [1m[35mSQL (0.7ms)[0m  INSERT INTO "images" ("url", "tournament_id", "created_at", "updated_at") VALUES ($1, $2, $3, $4) RETURNING "id"  [["url", "kldfhlksh"], ["tournament_id", 4], ["created_at", "2015-03-13 14:01:54.762945"], ["updated_at", "2015-03-13 14:01:54.762945"]]
  [1m[36m (0.3ms)[0m  [1mCOMMIT[0m
  [1m[35m (0.1ms)[0m  BEGIN
  [1m[36mSQL (0.6ms)[0m  [1mINSERT INTO "images" ("url", "tournament_id", "created_at", "updated_at") VALUES ($1, $2, $3, $4) RETURNING "id"[0m  [["url", "lkjfldsk"], ["tournament_id", 5], ["created_at", "2015-03-13 14:01:54.767291"], ["updated_at", "2015-03-13 14:01:54.767291"]]
  [1m[35m (0.4ms)[0m  COMMIT
  [1m[36m (0.1ms)[0m  [1mBEGIN[0m
  [1m[35mSQL (0.5ms)[0m  INSERT INTO "images" ("url", "tournament_id", "created_at", "updated_at") VALUES ($1, $2, $3, $4) RETURNING "id"  [["url", "kfdhj"], ["tournament_id", 5], ["created_at", "2015-03-13 14:01:54.771184"], ["updated_at", "2015-03-13 14:01:54.771184"]]
  [1m[36m (0.3ms)[0m  [1mCOMMIT[0m
  [1m[35m (0.2ms)[0m  BEGIN
  [1m[36mSQL (1.6ms)[0m  [1mINSERT INTO "comments" ("body", "user_id", "tournament_id", "created_at", "updated_at") VALUES ($1, $2, $3, $4, $5) RETURNING "id"[0m  [["body", "I am 2 fast 4 you"], ["user_id", 6], ["tournament_id", 4], ["created_at", "2015-03-13 14:01:54.791019"], ["updated_at", "2015-03-13 14:01:54.791019"]]
  [1m[35m (0.4ms)[0m  COMMIT
  [1m[36m (0.1ms)[0m  [1mBEGIN[0m
  [1m[35mSQL (0.8ms)[0m  INSERT INTO "comments" ("body", "user_id", "tournament_id", "subcomment", "created_at", "updated_at") VALUES ($1, $2, $3, $4, $5, $6) RETURNING "id"  [["body", "Of course, Japanese Import!"], ["user_id", 7], ["tournament_id", 5], ["subcomment", "Psh, nah! American Muscle!"], ["created_at", "2015-03-13 14:01:54.797187"], ["updated_at", "2015-03-13 14:01:54.797187"]]
  [1m[36m (0.4ms)[0m  [1mCOMMIT[0m
  [1m[36mTournament Load (7.2ms)[0m  [1mSELECT  "tournaments".* FROM "tournaments"  ORDER BY "tournaments"."id" ASC LIMIT 1[0m
  [1m[35mUser Load (2.3ms)[0m  SELECT  "users".* FROM "users"  ORDER BY "users"."id" ASC LIMIT 1
  [1m[36mUser Load (0.8ms)[0m  [1mSELECT  "users".* FROM "users"  ORDER BY "users"."id" ASC LIMIT 1[0m
  [1m[35mTournament Load (0.5ms)[0m  SELECT "tournaments".* FROM "tournaments" WHERE "tournaments"."user_id" = $1  [["user_id", 1]]


Started GET "/users/1" for ::1 at 2015-03-13 14:07:21 -0400
  [1m[36mActiveRecord::SchemaMigration Load (47.8ms)[0m  [1mSELECT "schema_migrations".* FROM "schema_migrations"[0m
Processing by UsersController#show as HTML
  Parameters: {"id"=>"1"}
  [1m[35mUser Load (1.2ms)[0m  SELECT  "users".* FROM "users" WHERE "users"."id" = $1 LIMIT 1  [["id", 1]]
  [1m[36mTournament Load (1.5ms)[0m  [1mSELECT "tournaments".* FROM "tournaments" WHERE "tournaments"."user_id" = $1[0m  [["user_id", 1]]
  [1m[35mImage Load (2.4ms)[0m  SELECT "images".* FROM "images" WHERE "images"."tournament_id" = $1  [["tournament_id", 1]]
  [1m[36mImage Load (0.4ms)[0m  [1mSELECT "images".* FROM "images" WHERE "images"."tournament_id" = $1[0m  [["tournament_id", 2]]
  [1m[35mComment Load (2.6ms)[0m  SELECT "comments".* FROM "comments" WHERE "comments"."user_id" = $1  [["user_id", 1]]
Completed 200 OK in 145ms (Views: 86.5ms | ActiveRecord: 25.0ms)


Started GET "/users/1" for ::1 at 2015-03-13 14:35:07 -0400
Processing by UsersController#show as HTML
  Parameters: {"id"=>"1"}
  [1m[36mUser Load (1.8ms)[0m  [1mSELECT  "users".* FROM "users" WHERE "users"."id" = $1 LIMIT 1[0m  [["id", 1]]
  [1m[35mTournament Load (0.4ms)[0m  SELECT "tournaments".* FROM "tournaments" WHERE "tournaments"."user_id" = $1  [["user_id", 1]]
  [1m[36mImage Load (0.5ms)[0m  [1mSELECT "images".* FROM "images" WHERE "images"."tournament_id" = $1[0m  [["tournament_id", 1]]
  [1m[35mImage Load (0.5ms)[0m  SELECT "images".* FROM "images" WHERE "images"."tournament_id" = $1  [["tournament_id", 2]]
  [1m[36mComment Load (0.4ms)[0m  [1mSELECT "comments".* FROM "comments" WHERE "comments"."user_id" = $1[0m  [["user_id", 1]]
Completed 200 OK in 105ms (Views: 44.9ms | ActiveRecord: 36.6ms)


Started GET "/users/1" for ::1 at 2015-03-13 14:36:10 -0400
Processing by UsersController#show as HTML
  Parameters: {"id"=>"1"}
  [1m[35mUser Load (0.3ms)[0m  SELECT  "users".* FROM "users" WHERE "users"."id" = $1 LIMIT 1  [["id", 1]]
  [1m[36mTournament Load (0.4ms)[0m  [1mSELECT "tournaments".* FROM "tournaments" WHERE "tournaments"."user_id" = $1[0m  [["user_id", 1]]
  [1m[35mImage Load (0.3ms)[0m  SELECT "images".* FROM "images" WHERE "images"."tournament_id" = $1  [["tournament_id", 1]]
  [1m[36mImage Load (0.4ms)[0m  [1mSELECT "images".* FROM "images" WHERE "images"."tournament_id" = $1[0m  [["tournament_id", 2]]
  [1m[35mComment Load (3.4ms)[0m  SELECT "comments".* FROM "comments" INNER JOIN "tournaments" ON "comments"."tournament_id" = "tournaments"."id" WHERE "tournaments"."user_id" = $1  [["user_id", 1]]
Completed 200 OK in 115ms (Views: 88.9ms | ActiveRecord: 15.0ms)


Started GET "/users/1" for ::1 at 2015-03-13 14:40:43 -0400
Processing by UsersController#show as HTML
  Parameters: {"id"=>"1"}
  [1m[36mUser Load (1.9ms)[0m  [1mSELECT  "users".* FROM "users" WHERE "users"."id" = $1 LIMIT 1[0m  [["id", 1]]
  [1m[35mTournament Load (0.8ms)[0m  SELECT "tournaments".* FROM "tournaments" WHERE "tournaments"."user_id" = $1  [["user_id", 1]]
  [1m[36mImage Load (0.3ms)[0m  [1mSELECT "images".* FROM "images" WHERE "images"."tournament_id" = $1[0m  [["tournament_id", 1]]
  [1m[35mImage Load (0.2ms)[0m  SELECT "images".* FROM "images" WHERE "images"."tournament_id" = $1  [["tournament_id", 2]]
  [1m[36mComment Load (0.7ms)[0m  [1mSELECT "comments".* FROM "comments" INNER JOIN "tournaments" ON "comments"."tournament_id" = "tournaments"."id" WHERE "tournaments"."user_id" = $1[0m  [["user_id", 1]]
Completed 200 OK in 152ms (Views: 48.2ms | ActiveRecord: 69.2ms)


Started GET "/users/1" for ::1 at 2015-03-13 14:42:04 -0400
Processing by UsersController#show as HTML
  Parameters: {"id"=>"1"}
  [1m[35mUser Load (0.3ms)[0m  SELECT  "users".* FROM "users" WHERE "users"."id" = $1 LIMIT 1  [["id", 1]]
  [1m[36mComment Load (0.5ms)[0m  [1mSELECT "comments".* FROM "comments" INNER JOIN "tournaments" ON "comments"."tournament_id" = "tournaments"."id" WHERE "tournaments"."user_id" = $1[0m  [["user_id", 1]]
Completed 200 OK in 37ms (Views: 18.1ms | ActiveRecord: 8.4ms)


Started GET "/users/1" for ::1 at 2015-03-13 14:43:01 -0400
Processing by UsersController#show as HTML
  Parameters: {"id"=>"1"}
  [1m[35mUser Load (0.4ms)[0m  SELECT  "users".* FROM "users" WHERE "users"."id" = $1 LIMIT 1  [["id", 1]]
Completed 200 OK in 18ms (Views: 2.2ms | ActiveRecord: 3.5ms)


Started GET "/users/1" for ::1 at 2015-03-13 14:43:15 -0400
Processing by UsersController#show as HTML
  Parameters: {"id"=>"1"}
  [1m[36mUser Load (0.2ms)[0m  [1mSELECT  "users".* FROM "users" WHERE "users"."id" = $1 LIMIT 1[0m  [["id", 1]]
  [1m[35mTournament Load (0.6ms)[0m  SELECT "tournaments".* FROM "tournaments" WHERE "tournaments"."user_id" = $1  [["user_id", 1]]
  [1m[36mImage Load (0.2ms)[0m  [1mSELECT "images".* FROM "images" WHERE "images"."tournament_id" = $1[0m  [["tournament_id", 1]]
  [1m[35mImage Load (0.3ms)[0m  SELECT "images".* FROM "images" WHERE "images"."tournament_id" = $1  [["tournament_id", 2]]
Completed 200 OK in 72ms (Views: 49.3ms | ActiveRecord: 8.5ms)


Started GET "/users/1" for ::1 at 2015-03-13 14:43:35 -0400
Processing by UsersController#show as HTML
  Parameters: {"id"=>"1"}
  [1m[36mUser Load (0.2ms)[0m  [1mSELECT  "users".* FROM "users" WHERE "users"."id" = $1 LIMIT 1[0m  [["id", 1]]
  [1m[35mTournament Load (0.3ms)[0m  SELECT "tournaments".* FROM "tournaments" WHERE "tournaments"."user_id" = $1  [["user_id", 1]]
  [1m[36mImage Load (0.4ms)[0m  [1mSELECT "images".* FROM "images" WHERE "images"."tournament_id" = $1[0m  [["tournament_id", 1]]
  [1m[35mImage Load (0.3ms)[0m  SELECT "images".* FROM "images" WHERE "images"."tournament_id" = $1  [["tournament_id", 2]]
Completed 200 OK in 51ms (Views: 29.6ms | ActiveRecord: 8.1ms)


Started GET "/users/1" for ::1 at 2015-03-13 14:43:54 -0400
Processing by UsersController#show as HTML
  Parameters: {"id"=>"1"}
  [1m[36mUser Load (0.3ms)[0m  [1mSELECT  "users".* FROM "users" WHERE "users"."id" = $1 LIMIT 1[0m  [["id", 1]]
  [1m[35mComment Load (0.7ms)[0m  SELECT "comments".* FROM "comments" INNER JOIN "tournaments" ON "comments"."tournament_id" = "tournaments"."id" WHERE "tournaments"."user_id" = $1  [["user_id", 1]]
Completed 200 OK in 43ms (Views: 16.8ms | ActiveRecord: 9.7ms)


Started GET "/users/1" for ::1 at 2015-03-13 14:44:09 -0400
Processing by UsersController#show as HTML
  Parameters: {"id"=>"1"}
  [1m[36mUser Load (0.4ms)[0m  [1mSELECT  "users".* FROM "users" WHERE "users"."id" = $1 LIMIT 1[0m  [["id", 1]]
  [1m[35mTournament Load (0.3ms)[0m  SELECT "tournaments".* FROM "tournaments" WHERE "tournaments"."user_id" = $1  [["user_id", 1]]
  [1m[36mImage Load (0.6ms)[0m  [1mSELECT "images".* FROM "images" WHERE "images"."tournament_id" = $1[0m  [["tournament_id", 1]]
  [1m[35mImage Load (0.4ms)[0m  SELECT "images".* FROM "images" WHERE "images"."tournament_id" = $1  [["tournament_id", 2]]
  [1m[36mComment Load (0.6ms)[0m  [1mSELECT "comments".* FROM "comments" INNER JOIN "tournaments" ON "comments"."tournament_id" = "tournaments"."id" WHERE "tournaments"."user_id" = $1[0m  [["user_id", 1]]
Completed 200 OK in 78ms (Views: 52.9ms | ActiveRecord: 12.5ms)


Started GET "/users/1" for ::1 at 2015-03-13 14:46:28 -0400
Processing by UsersController#show as HTML
  Parameters: {"id"=>"1"}
  [1m[35mUser Load (0.4ms)[0m  SELECT  "users".* FROM "users" WHERE "users"."id" = $1 LIMIT 1  [["id", 1]]
  [1m[36mTournament Load (0.3ms)[0m  [1mSELECT "tournaments".* FROM "tournaments" WHERE "tournaments"."user_id" = $1[0m  [["user_id", 1]]
  [1m[35mImage Load (0.3ms)[0m  SELECT "images".* FROM "images" WHERE "images"."tournament_id" = $1  [["tournament_id", 1]]
  [1m[36mImage Load (0.3ms)[0m  [1mSELECT "images".* FROM "images" WHERE "images"."tournament_id" = $1[0m  [["tournament_id", 2]]
  [1m[35mComment Load (0.6ms)[0m  SELECT "comments".* FROM "comments" INNER JOIN "tournaments" ON "comments"."tournament_id" = "tournaments"."id" WHERE "tournaments"."user_id" = $1  [["user_id", 1]]
Completed 200 OK in 78ms (Views: 43.1ms | ActiveRecord: 12.7ms)


Started GET "/users/1" for ::1 at 2015-03-13 14:46:54 -0400
Processing by UsersController#show as HTML
  Parameters: {"id"=>"1"}
  [1m[36mUser Load (0.2ms)[0m  [1mSELECT  "users".* FROM "users" WHERE "users"."id" = $1 LIMIT 1[0m  [["id", 1]]
  [1m[35mTournament Load (0.4ms)[0m  SELECT "tournaments".* FROM "tournaments" WHERE "tournaments"."user_id" = $1  [["user_id", 1]]
  [1m[36mImage Load (0.3ms)[0m  [1mSELECT "images".* FROM "images" WHERE "images"."tournament_id" = $1[0m  [["tournament_id", 1]]
  [1m[35mImage Load (0.3ms)[0m  SELECT "images".* FROM "images" WHERE "images"."tournament_id" = $1  [["tournament_id", 2]]
  [1m[36mComment Load (0.4ms)[0m  [1mSELECT "comments".* FROM "comments" INNER JOIN "tournaments" ON "comments"."tournament_id" = "tournaments"."id" WHERE "tournaments"."user_id" = $1[0m  [["user_id", 1]]
  [1m[35mComment Load (1.6ms)[0m  SELECT "comments".* FROM "comments" WHERE "comments"."tournament_id" = $1  [["tournament_id", 1]]
  [1m[36mComment Load (0.5ms)[0m  [1mSELECT "comments".* FROM "comments" WHERE "comments"."tournament_id" = $1[0m  [["tournament_id", 2]]
Completed 200 OK in 79ms (Views: 54.7ms | ActiveRecord: 13.2ms)


Started GET "/users" for ::1 at 2015-03-13 16:28:37 -0400
  [1m[36mActiveRecord::SchemaMigration Load (34.8ms)[0m  [1mSELECT "schema_migrations".* FROM "schema_migrations"[0m
Processing by UsersController#index as HTML
  [1m[35mUser Load (30.7ms)[0m  SELECT  "users".* FROM "users" WHERE "users"."token" = $1 LIMIT 1  [["token", ""]]
Completed 200 OK in 83ms (Views: 3.8ms | ActiveRecord: 34.8ms)


Started GET "/users/1" for ::1 at 2015-03-13 16:28:43 -0400
Processing by UsersController#show as HTML
  Parameters: {"id"=>"1"}
  [1m[36mUser Load (1.1ms)[0m  [1mSELECT  "users".* FROM "users" WHERE "users"."id" = $1 LIMIT 1[0m  [["id", 1]]
  [1m[35mTournament Load (54.5ms)[0m  SELECT "tournaments".* FROM "tournaments" WHERE "tournaments"."user_id" = $1  [["user_id", 1]]
  [1m[36mImage Load (62.6ms)[0m  [1mSELECT "images".* FROM "images" WHERE "images"."tournament_id" = $1[0m  [["tournament_id", 1]]
  [1m[35mImage Load (0.3ms)[0m  SELECT "images".* FROM "images" WHERE "images"."tournament_id" = $1  [["tournament_id", 2]]
  [1m[36mComment Load (93.9ms)[0m  [1mSELECT "comments".* FROM "comments" INNER JOIN "tournaments" ON "comments"."tournament_id" = "tournaments"."id" WHERE "tournaments"."user_id" = $1[0m  [["user_id", 1]]
  [1m[35mComment Load (0.3ms)[0m  SELECT "comments".* FROM "comments" WHERE "comments"."tournament_id" = $1  [["tournament_id", 1]]
  [1m[36mComment Load (0.4ms)[0m  [1mSELECT "comments".* FROM "comments" WHERE "comments"."tournament_id" = $1[0m  [["tournament_id", 2]]
Completed 200 OK in 622ms (Views: 231.1ms | ActiveRecord: 376.2ms)
  [1m[36m (1.2ms)[0m  [1mBEGIN[0m
  [1m[35mUser Exists (3.1ms)[0m  SELECT  1 AS one FROM "users" WHERE "users"."token" = $1 LIMIT 1  [["token", "3cb2edee41f640f699e57010930d9c21"]]
  [1m[36mSQL (10.3ms)[0m  [1mINSERT INTO "users" ("name", "email", "password_digest", "created_at", "updated_at", "token") VALUES ($1, $2, $3, $4, $5, $6) RETURNING "id"[0m  [["name", "mike"], ["email", "mike"], ["password_digest", "$2a$10$Zl7nK5dZuQAKKyKmJIdK/.xkFGok0BkFbTgPyrCj3xod5GWIXWOdK"], ["created_at", "2015-03-13 21:49:05.668951"], ["updated_at", "2015-03-13 21:49:05.668951"], ["token", "3cb2edee41f640f699e57010930d9c21"]]
  [1m[35m (31.3ms)[0m  COMMIT
  [1m[36mUser Load (8.3ms)[0m  [1mSELECT "users".* FROM "users" WHERE "users"."token" = $1[0m  [["token", "3cb2edee41f640f699e57010930d9c21"]]


Started GET "/amazon/sign_key" for ::1 at 2015-03-14 12:39:40 -0400
  [1m[36mActiveRecord::SchemaMigration Load (42.5ms)[0m  [1mSELECT "schema_migrations".* FROM "schema_migrations"[0m
Processing by AmazonController#sign_key as HTML
Completed 500 Internal Server Error in 1ms

TypeError (no implicit conversion of nil into String):
  app/controllers/amazon_controller.rb:23:in `digest'
  app/controllers/amazon_controller.rb:23:in `sign_key'


  Rendered /usr/local/var/rbenv/versions/2.2.0/lib/ruby/gems/2.2.0/gems/actionpack-4.2.0/lib/action_dispatch/middleware/templates/rescues/_source.erb (5.5ms)
  Rendered /usr/local/var/rbenv/versions/2.2.0/lib/ruby/gems/2.2.0/gems/actionpack-4.2.0/lib/action_dispatch/middleware/templates/rescues/_trace.html.erb (3.9ms)
  Rendered /usr/local/var/rbenv/versions/2.2.0/lib/ruby/gems/2.2.0/gems/actionpack-4.2.0/lib/action_dispatch/middleware/templates/rescues/_request_and_response.html.erb (1.1ms)
  Rendered /usr/local/var/rbenv/versions/2.2.0/lib/ruby/gems/2.2.0/gems/actionpack-4.2.0/lib/action_dispatch/middleware/templates/rescues/diagnostics.html.erb within rescues/layout (94.1ms)


Started GET "/amazon/sign_key" for ::1 at 2015-03-14 12:41:15 -0400
Processing by AmazonController#sign_key as HTML
Completed 500 Internal Server Error in 0ms

NoMethodError (undefined method `pry' for #<Binding:0x007fa5d80c0cd0>):
  app/controllers/amazon_controller.rb:23:in `sign_key'


  Rendered /usr/local/var/rbenv/versions/2.2.0/lib/ruby/gems/2.2.0/gems/actionpack-4.2.0/lib/action_dispatch/middleware/templates/rescues/_source.erb (4.5ms)
  Rendered /usr/local/var/rbenv/versions/2.2.0/lib/ruby/gems/2.2.0/gems/actionpack-4.2.0/lib/action_dispatch/middleware/templates/rescues/_trace.html.erb (2.3ms)
  Rendered /usr/local/var/rbenv/versions/2.2.0/lib/ruby/gems/2.2.0/gems/actionpack-4.2.0/lib/action_dispatch/middleware/templates/rescues/_request_and_response.html.erb (1.4ms)
  Rendered /usr/local/var/rbenv/versions/2.2.0/lib/ruby/gems/2.2.0/gems/actionpack-4.2.0/lib/action_dispatch/middleware/templates/rescues/diagnostics.html.erb within rescues/layout (86.8ms)


Started GET "/amazon/sign_key" for ::1 at 2015-03-14 12:41:26 -0400
Processing by AmazonController#sign_key as HTML
Completed 500 Internal Server Error in 4ms

NameError (undefined local variable or method `byebug' for #<AmazonController:0x007fa5d83a22a0>):
  app/controllers/amazon_controller.rb:23:in `sign_key'


  Rendered /usr/local/var/rbenv/versions/2.2.0/lib/ruby/gems/2.2.0/gems/actionpack-4.2.0/lib/action_dispatch/middleware/templates/rescues/_source.erb (7.2ms)
  Rendered /usr/local/var/rbenv/versions/2.2.0/lib/ruby/gems/2.2.0/gems/actionpack-4.2.0/lib/action_dispatch/middleware/templates/rescues/_trace.html.erb (2.2ms)
  Rendered /usr/local/var/rbenv/versions/2.2.0/lib/ruby/gems/2.2.0/gems/actionpack-4.2.0/lib/action_dispatch/middleware/templates/rescues/_request_and_response.html.erb (1.1ms)
  Rendered /usr/local/var/rbenv/versions/2.2.0/lib/ruby/gems/2.2.0/gems/actionpack-4.2.0/lib/action_dispatch/middleware/templates/rescues/diagnostics.html.erb within rescues/layout (79.1ms)


Started GET "/amazon/sign_key" for ::1 at 2015-03-14 12:42:30 -0400
  [1m[36mActiveRecord::SchemaMigration Load (1.4ms)[0m  [1mSELECT "schema_migrations".* FROM "schema_migrations"[0m
Processing by AmazonController#sign_key as HTML


Started GET "/amazon/sign_key" for ::1 at 2015-03-14 12:47:31 -0400
  [1m[36mActiveRecord::SchemaMigration Load (3.8ms)[0m  [1mSELECT "schema_migrations".* FROM "schema_migrations"[0m
Processing by AmazonController#sign_key as HTML


Started GET "/amazon/sign_key" for ::1 at 2015-03-14 12:48:24 -0400
  [1m[36mActiveRecord::SchemaMigration Load (1.9ms)[0m  [1mSELECT "schema_migrations".* FROM "schema_migrations"[0m
Processing by AmazonController#sign_key as HTML
Completed 200 OK in 1ms (ActiveRecord: 0.0ms)


Started GET "/amazon/sign_key" for ::1 at 2015-03-14 12:48:30 -0400
Processing by AmazonController#sign_key as HTML
Completed 200 OK in 0ms (ActiveRecord: 0.0ms)


Started GET "/amazon/sign_key" for ::1 at 2015-03-14 12:48:38 -0400
Processing by AmazonController#sign_key as HTML
Completed 200 OK in 0ms (ActiveRecord: 0.0ms)


Started GET "/amazon/sign_key" for ::1 at 2015-03-14 12:48:46 -0400
Processing by AmazonController#sign_key as HTML
Completed 200 OK in 0ms (ActiveRecord: 0.0ms)


Started GET "/amazon/sign_key" for ::1 at 2015-03-14 12:50:36 -0400
Processing by AmazonController#sign_key as HTML
Completed 200 OK in 3ms (Views: 2.8ms | ActiveRecord: 0.0ms)


Started GET "/amazon/sign_key" for ::1 at 2015-03-14 12:57:05 -0400
  [1m[36mActiveRecord::SchemaMigration Load (3.1ms)[0m  [1mSELECT "schema_migrations".* FROM "schema_migrations"[0m
Processing by AmazonController#sign_key as HTML
Completed 200 OK in 3ms (Views: 2.9ms | ActiveRecord: 0.0ms)


Started GET "/tournaments" for ::1 at 2015-03-14 12:57:10 -0400
Processing by TournamentsController#index as HTML
  [1m[35mTournament Load (58.9ms)[0m  SELECT "tournaments".* FROM "tournaments"
  [1m[36mImage Load (61.6ms)[0m  [1mSELECT "images".* FROM "images" WHERE "images"."tournament_id" = $1[0m  [["tournament_id", 1]]
  [1m[35mImage Load (0.4ms)[0m  SELECT "images".* FROM "images" WHERE "images"."tournament_id" = $1  [["tournament_id", 2]]
  [1m[36mImage Load (0.3ms)[0m  [1mSELECT "images".* FROM "images" WHERE "images"."tournament_id" = $1[0m  [["tournament_id", 3]]
  [1m[35mImage Load (0.3ms)[0m  SELECT "images".* FROM "images" WHERE "images"."tournament_id" = $1  [["tournament_id", 4]]
  [1m[36mImage Load (0.4ms)[0m  [1mSELECT "images".* FROM "images" WHERE "images"."tournament_id" = $1[0m  [["tournament_id", 5]]
  [1m[35mComment Load (72.3ms)[0m  SELECT "comments".* FROM "comments" WHERE "comments"."tournament_id" = $1  [["tournament_id", 1]]
  [1m[36mComment Load (0.4ms)[0m  [1mSELECT "comments".* FROM "comments" WHERE "comments"."tournament_id" = $1[0m  [["tournament_id", 2]]
  [1m[35mComment Load (0.3ms)[0m  SELECT "comments".* FROM "comments" WHERE "comments"."tournament_id" = $1  [["tournament_id", 3]]
  [1m[36mComment Load (0.3ms)[0m  [1mSELECT "comments".* FROM "comments" WHERE "comments"."tournament_id" = $1[0m  [["tournament_id", 4]]
  [1m[35mComment Load (0.3ms)[0m  SELECT "comments".* FROM "comments" WHERE "comments"."tournament_id" = $1  [["tournament_id", 5]]
Completed 200 OK in 529ms (Views: 161.2ms | ActiveRecord: 353.8ms)


Started GET "/amazon/sign_key" for ::1 at 2015-03-14 12:57:36 -0400
Processing by AmazonController#sign_key as HTML
Completed 200 OK in 2ms (Views: 1.6ms | ActiveRecord: 0.0ms)


Started GET "/amazon/sign_key" for ::1 at 2015-03-14 12:59:18 -0400
  [1m[36mActiveRecord::SchemaMigration Load (1.6ms)[0m  [1mSELECT "schema_migrations".* FROM "schema_migrations"[0m
Processing by AmazonController#sign_key as HTML
Completed 200 OK in 2ms (Views: 1.9ms | ActiveRecord: 0.0ms)


Started GET "/amazon/sign_key" for ::1 at 2015-03-14 12:59:25 -0400
Processing by AmazonController#sign_key as HTML
Completed 200 OK in 2ms (Views: 1.4ms | ActiveRecord: 0.0ms)


Started GET "/amazon/sign_key" for ::1 at 2015-03-14 12:59:27 -0400
Processing by AmazonController#sign_key as HTML
Completed 200 OK in 2ms (Views: 2.0ms | ActiveRecord: 0.0ms)


Started GET "/amazon/sign_key" for ::1 at 2015-03-14 12:59:31 -0400
Processing by AmazonController#sign_key as HTML
Completed 200 OK in 2ms (Views: 1.9ms | ActiveRecord: 0.0ms)


Started GET "/amazon/sign_key" for ::1 at 2015-03-14 12:59:34 -0400
Processing by AmazonController#sign_key as HTML
Completed 200 OK in 2ms (Views: 1.3ms | ActiveRecord: 0.0ms)


Started GET "/amazon/sign_key" for ::1 at 2015-03-14 12:59:37 -0400
Processing by AmazonController#sign_key as HTML
Completed 200 OK in 2ms (Views: 1.2ms | ActiveRecord: 0.0ms)
  [1m[36m (0.1ms)[0m  [1mBEGIN[0m
  [1m[35mUser Exists (0.5ms)[0m  SELECT  1 AS one FROM "users" WHERE "users"."token" = $1 LIMIT 1  [["token", "4278b56da2e240c79886f0a831794ed3"]]
  [1m[36mSQL (0.5ms)[0m  [1mINSERT INTO "users" ("name", "password_digest", "email", "created_at", "updated_at", "token") VALUES ($1, $2, $3, $4, $5, $6) RETURNING "id"[0m  [["name", "Rick Grimes"], ["password_digest", "$2a$10$KuWlG9vm49zBpFIzHt/xvONr04NlZijafqSYiBWGc4j8RrZgoQ/IS"], ["email", "walkingdead@amc.com"], ["created_at", "2015-03-16 21:28:36.095844"], ["updated_at", "2015-03-16 21:28:36.095844"], ["token", "4278b56da2e240c79886f0a831794ed3"]]
  [1m[35m (0.4ms)[0m  COMMIT
  [1m[36m (0.1ms)[0m  [1mBEGIN[0m
  [1m[35mSQL (1.5ms)[0m  INSERT INTO "tournaments" ("user_id", "question", "created_at", "updated_at") VALUES ($1, $2, $3, $4) RETURNING "id"  [["user_id", 4], ["question", "question?"], ["created_at", "2015-03-16 21:28:46.626332"], ["updated_at", "2015-03-16 21:28:46.626332"]]
  [1m[36mSQL (1.6ms)[0m  [1mINSERT INTO "images" ("url", "tournament_id", "created_at", "updated_at") VALUES ($1, $2, $3, $4) RETURNING "id"[0m  [["url", "dfd"], ["tournament_id", 3], ["created_at", "2015-03-16 21:28:46.631022"], ["updated_at", "2015-03-16 21:28:46.631022"]]
  [1m[35mSQL (0.4ms)[0m  INSERT INTO "images" ("url", "tournament_id", "created_at", "updated_at") VALUES ($1, $2, $3, $4) RETURNING "id"  [["url", "sdf"], ["tournament_id", 3], ["created_at", "2015-03-16 21:28:46.636231"], ["updated_at", "2015-03-16 21:28:46.636231"]]
  [1m[36mSQL (0.9ms)[0m  [1mINSERT INTO "images" ("url", "tournament_id", "created_at", "updated_at") VALUES ($1, $2, $3, $4) RETURNING "id"[0m  [["url", "asd"], ["tournament_id", 3], ["created_at", "2015-03-16 21:28:46.637782"], ["updated_at", "2015-03-16 21:28:46.637782"]]
  [1m[35m (0.7ms)[0m  COMMIT
  [1m[36mActiveRecord::SchemaMigration Load (34.6ms)[0m  [1mSELECT "schema_migrations".* FROM "schema_migrations"[0m
  [1m[35m (8.7ms)[0m  BEGIN
  [1m[36mUser Exists (32.5ms)[0m  [1mSELECT  1 AS one FROM "users" WHERE "users"."token" = $1 LIMIT 1[0m  [["token", "d9d66bc33595479aa63d6ebb14494afe"]]
  [1m[35mSQL (7.4ms)[0m  INSERT INTO "users" ("name", "email", "password_digest", "created_at", "updated_at", "token") VALUES ($1, $2, $3, $4, $5, $6) RETURNING "id"  [["name", "SamoanThor"], ["email", "samoan_thor@fastandfurious.com"], ["password_digest", "$2a$10$ibZNVmH3RZWeSlReHMWMWuFRXcACOSBkzFQTPleQIUJ/UCgDaU7ZC"], ["created_at", "2015-03-17 17:27:30.674079"], ["updated_at", "2015-03-17 17:27:30.674079"], ["token", "d9d66bc33595479aa63d6ebb14494afe"]]
  [1m[36m (31.7ms)[0m  [1mCOMMIT[0m
  [1m[35m (0.2ms)[0m  BEGIN
  [1m[36mUser Exists (0.3ms)[0m  [1mSELECT  1 AS one FROM "users" WHERE "users"."token" = $1 LIMIT 1[0m  [["token", "2f45cdddac0347bf87904bfe57eb0710"]]
  [1m[35mSQL (0.3ms)[0m  INSERT INTO "users" ("name", "email", "password_digest", "created_at", "updated_at", "token") VALUES ($1, $2, $3, $4, $5, $6) RETURNING "id"  [["name", "D.Torreto"], ["email", "dtoretto@fastandfurious.com"], ["password_digest", "$2a$10$Gij5kbsM0il0wEnsy.g5nuP2165uVxOPkR5h2m8e/Y7/to.NR/vri"], ["created_at", "2015-03-17 17:27:30.904047"], ["updated_at", "2015-03-17 17:27:30.904047"], ["token", "2f45cdddac0347bf87904bfe57eb0710"]]
  [1m[36m (0.4ms)[0m  [1mCOMMIT[0m
  [1m[35m (0.2ms)[0m  BEGIN
  [1m[36mUser Exists (0.3ms)[0m  [1mSELECT  1 AS one FROM "users" WHERE "users"."token" = $1 LIMIT 1[0m  [["token", "5674efed9260455c91288b153defe616"]]
  [1m[35mSQL (0.2ms)[0m  INSERT INTO "users" ("name", "email", "password_digest", "created_at", "updated_at", "token") VALUES ($1, $2, $3, $4, $5, $6) RETURNING "id"  [["name", "Brian O'connor"], ["email", "evo@fastandfurious.com"], ["password_digest", "$2a$10$vqTT84meZiM1b12wbQrfveePpXiGGiiBhFqbiJVBedCZ5ipmI9VR."], ["created_at", "2015-03-17 17:27:30.992512"], ["updated_at", "2015-03-17 17:27:30.992512"], ["token", "5674efed9260455c91288b153defe616"]]
  [1m[36m (0.4ms)[0m  [1mCOMMIT[0m
  [1m[35m (0.1ms)[0m  BEGIN
  [1m[36mSQL (15.9ms)[0m  [1mINSERT INTO "tournaments" ("question", "user_id", "created_at", "updated_at") VALUES ($1, $2, $3, $4) RETURNING "id"[0m  [["question", "Who should I chase? Owen Shaw or Dominic Torreto?"], ["user_id", 9], ["created_at", "2015-03-17 17:27:31.006835"], ["updated_at", "2015-03-17 17:27:31.006835"]]
  [1m[35m (0.5ms)[0m  COMMIT
  [1m[36m (0.1ms)[0m  [1mBEGIN[0m
  [1m[35mSQL (0.6ms)[0m  INSERT INTO "tournaments" ("question", "user_id", "created_at", "updated_at") VALUES ($1, $2, $3, $4) RETURNING "id"  [["question", "American Muscle or Japanese Import?"], ["user_id", 9], ["created_at", "2015-03-17 17:27:31.026035"], ["updated_at", "2015-03-17 17:27:31.026035"]]
  [1m[36m (0.5ms)[0m  [1mCOMMIT[0m
  [1m[35m (0.1ms)[0m  BEGIN
  [1m[36mSQL (54.9ms)[0m  [1mINSERT INTO "images" ("url", "tournament_id", "created_at", "updated_at") VALUES ($1, $2, $3, $4) RETURNING "id"[0m  [["url", "knbfh"], ["tournament_id", 6], ["created_at", "2015-03-17 17:27:31.051104"], ["updated_at", "2015-03-17 17:27:31.051104"]]
  [1m[35m (0.5ms)[0m  COMMIT
  [1m[36m (0.1ms)[0m  [1mBEGIN[0m
  [1m[35mSQL (0.7ms)[0m  INSERT INTO "images" ("url", "tournament_id", "created_at", "updated_at") VALUES ($1, $2, $3, $4) RETURNING "id"  [["url", "kldfhlksh"], ["tournament_id", 6], ["created_at", "2015-03-17 17:27:31.109353"], ["updated_at", "2015-03-17 17:27:31.109353"]]
  [1m[36m (0.4ms)[0m  [1mCOMMIT[0m
  [1m[35m (0.1ms)[0m  BEGIN
  [1m[36mSQL (0.7ms)[0m  [1mINSERT INTO "images" ("url", "tournament_id", "created_at", "updated_at") VALUES ($1, $2, $3, $4) RETURNING "id"[0m  [["url", "lkjfldsk"], ["tournament_id", 7], ["created_at", "2015-03-17 17:27:31.112852"], ["updated_at", "2015-03-17 17:27:31.112852"]]
  [1m[35m (0.6ms)[0m  COMMIT
  [1m[36m (0.1ms)[0m  [1mBEGIN[0m
  [1m[35mSQL (0.8ms)[0m  INSERT INTO "images" ("url", "tournament_id", "created_at", "updated_at") VALUES ($1, $2, $3, $4) RETURNING "id"  [["url", "kfdhj"], ["tournament_id", 7], ["created_at", "2015-03-17 17:27:31.116949"], ["updated_at", "2015-03-17 17:27:31.116949"]]
  [1m[36m (0.5ms)[0m  [1mCOMMIT[0m
  [1m[35m (0.1ms)[0m  BEGIN
  [1m[36mSQL (12.3ms)[0m  [1mINSERT INTO "comments" ("body", "user_id", "tournament_id", "created_at", "updated_at") VALUES ($1, $2, $3, $4, $5) RETURNING "id"[0m  [["body", "I am 2 fast 4 you"], ["user_id", 10], ["tournament_id", 6], ["created_at", "2015-03-17 17:27:31.132558"], ["updated_at", "2015-03-17 17:27:31.132558"]]
  [1m[35m (0.6ms)[0m  COMMIT
  [1m[36m (0.1ms)[0m  [1mBEGIN[0m
  [1m[35mSQL (0.8ms)[0m  INSERT INTO "comments" ("body", "user_id", "tournament_id", "subcomment", "created_at", "updated_at") VALUES ($1, $2, $3, $4, $5, $6) RETURNING "id"  [["body", "Of course, Japanese Import!"], ["user_id", 11], ["tournament_id", 7], ["subcomment", "Psh, nah! American Muscle!"], ["created_at", "2015-03-17 17:27:31.148456"], ["updated_at", "2015-03-17 17:27:31.148456"]]
  [1m[36m (0.5ms)[0m  [1mCOMMIT[0m
  [1m[35m (0.2ms)[0m  BEGIN
  [1m[36mSQL (0.5ms)[0m  [1mINSERT INTO "tournaments" ("question", "user_id", "created_at", "updated_at") VALUES ($1, $2, $3, $4) RETURNING "id"[0m  [["question", "Which picture is best?"], ["user_id", 9], ["created_at", "2015-03-17 17:27:31.235360"], ["updated_at", "2015-03-17 17:27:31.235360"]]
  [1m[35mSQL (0.4ms)[0m  INSERT INTO "images" ("url", "tournament_id", "created_at", "updated_at") VALUES ($1, $2, $3, $4) RETURNING "id"  [["url", "https://s3.amazonaws.com/my-pixelect-bucket/uploads/22a2490f-8565-4241-8178-e676ec8a7d0b"], ["tournament_id", 8], ["created_at", "2015-03-17 17:27:31.237204"], ["updated_at", "2015-03-17 17:27:31.237204"]]
  [1m[36mSQL (0.4ms)[0m  [1mINSERT INTO "images" ("url", "tournament_id", "created_at", "updated_at") VALUES ($1, $2, $3, $4) RETURNING "id"[0m  [["url", "https://s3.amazonaws.com/my-pixelect-bucket/uploads/520fcb62-4ab2-40ec-ab69-5ecc993cc6ab"], ["tournament_id", 8], ["created_at", "2015-03-17 17:27:31.238873"], ["updated_at", "2015-03-17 17:27:31.238873"]]
  [1m[35m (0.4ms)[0m  COMMIT
  [1m[36mActiveRecord::SchemaMigration Load (1.8ms)[0m  [1mSELECT "schema_migrations".* FROM "schema_migrations"[0m
  [1m[35m (0.2ms)[0m  BEGIN
  [1m[36mUser Exists (1.7ms)[0m  [1mSELECT  1 AS one FROM "users" WHERE "users"."token" = $1 LIMIT 1[0m  [["token", "8e73dbb5048c4326b48a3ecb6ae6e82e"]]
  [1m[35mSQL (2.9ms)[0m  INSERT INTO "users" ("name", "email", "password_digest", "created_at", "updated_at", "token") VALUES ($1, $2, $3, $4, $5, $6) RETURNING "id"  [["name", "SamoanThor"], ["email", "samoan_thor@fastandfurious.com"], ["password_digest", "$2a$10$BCBx9DCeh4Lt1PHmUjF/8uRf7C8e/ABS.bi.WANL8Va8sELng61jK"], ["created_at", "2015-03-17 17:29:39.032707"], ["updated_at", "2015-03-17 17:29:39.032707"], ["token", "8e73dbb5048c4326b48a3ecb6ae6e82e"]]
  [1m[36m (1.2ms)[0m  [1mCOMMIT[0m
  [1m[35m (0.1ms)[0m  BEGIN
  [1m[36mUser Exists (0.3ms)[0m  [1mSELECT  1 AS one FROM "users" WHERE "users"."token" = $1 LIMIT 1[0m  [["token", "8c774ab9e7c84375bbb6d67f8e4e7152"]]
  [1m[35mSQL (0.3ms)[0m  INSERT INTO "users" ("name", "email", "password_digest", "created_at", "updated_at", "token") VALUES ($1, $2, $3, $4, $5, $6) RETURNING "id"  [["name", "D.Torreto"], ["email", "dtoretto@fastandfurious.com"], ["password_digest", "$2a$10$oXqP3ipMuU6gGaXacJiudORVO2oF.ARjsyC5UxtEVLZ0Ms99DeuFq"], ["created_at", "2015-03-17 17:29:39.154063"], ["updated_at", "2015-03-17 17:29:39.154063"], ["token", "8c774ab9e7c84375bbb6d67f8e4e7152"]]
  [1m[36m (0.4ms)[0m  [1mCOMMIT[0m
  [1m[35m (0.2ms)[0m  BEGIN
  [1m[36mUser Exists (0.3ms)[0m  [1mSELECT  1 AS one FROM "users" WHERE "users"."token" = $1 LIMIT 1[0m  [["token", "6431667b20e04e3eb019df5073352201"]]
  [1m[35mSQL (0.3ms)[0m  INSERT INTO "users" ("name", "email", "password_digest", "created_at", "updated_at", "token") VALUES ($1, $2, $3, $4, $5, $6) RETURNING "id"  [["name", "Brian O'connor"], ["email", "evo@fastandfurious.com"], ["password_digest", "$2a$10$ClthGfs9fu1wXvsUO8u62u3rUFeOteLAeoiYDd2B7iZpwwsOOkO8y"], ["created_at", "2015-03-17 17:29:39.247334"], ["updated_at", "2015-03-17 17:29:39.247334"], ["token", "6431667b20e04e3eb019df5073352201"]]
  [1m[36m (0.6ms)[0m  [1mCOMMIT[0m
  [1m[35m (0.2ms)[0m  BEGIN
  [1m[36mSQL (1.8ms)[0m  [1mINSERT INTO "tournaments" ("question", "user_id", "created_at", "updated_at") VALUES ($1, $2, $3, $4) RETURNING "id"[0m  [["question", "Who should I chase? Owen Shaw or Dominic Torreto?"], ["user_id", 12], ["created_at", "2015-03-17 17:29:39.260199"], ["updated_at", "2015-03-17 17:29:39.260199"]]
  [1m[35m (0.5ms)[0m  COMMIT
  [1m[36m (0.1ms)[0m  [1mBEGIN[0m
  [1m[35mSQL (0.6ms)[0m  INSERT INTO "tournaments" ("question", "user_id", "created_at", "updated_at") VALUES ($1, $2, $3, $4) RETURNING "id"  [["question", "American Muscle or Japanese Import?"], ["user_id", 12], ["created_at", "2015-03-17 17:29:39.265270"], ["updated_at", "2015-03-17 17:29:39.265270"]]
  [1m[36m (0.6ms)[0m  [1mCOMMIT[0m
  [1m[35m (0.1ms)[0m  BEGIN
  [1m[36mSQL (2.2ms)[0m  [1mINSERT INTO "images" ("url", "tournament_id", "created_at", "updated_at") VALUES ($1, $2, $3, $4) RETURNING "id"[0m  [["url", "knbfh"], ["tournament_id", 9], ["created_at", "2015-03-17 17:29:39.280888"], ["updated_at", "2015-03-17 17:29:39.280888"]]
  [1m[35m (0.4ms)[0m  COMMIT
  [1m[36m (0.1ms)[0m  [1mBEGIN[0m
  [1m[35mSQL (0.5ms)[0m  INSERT INTO "images" ("url", "tournament_id", "created_at", "updated_at") VALUES ($1, $2, $3, $4) RETURNING "id"  [["url", "kldfhlksh"], ["tournament_id", 9], ["created_at", "2015-03-17 17:29:39.285753"], ["updated_at", "2015-03-17 17:29:39.285753"]]
  [1m[36m (0.4ms)[0m  [1mCOMMIT[0m
  [1m[35m (0.1ms)[0m  BEGIN
  [1m[36mSQL (0.4ms)[0m  [1mINSERT INTO "images" ("url", "tournament_id", "created_at", "updated_at") VALUES ($1, $2, $3, $4) RETURNING "id"[0m  [["url", "lkjfldsk"], ["tournament_id", 10], ["created_at", "2015-03-17 17:29:39.288568"], ["updated_at", "2015-03-17 17:29:39.288568"]]
  [1m[35m (0.4ms)[0m  COMMIT
  [1m[36m (0.1ms)[0m  [1mBEGIN[0m
  [1m[35mSQL (0.4ms)[0m  INSERT INTO "images" ("url", "tournament_id", "created_at", "updated_at") VALUES ($1, $2, $3, $4) RETURNING "id"  [["url", "kfdhj"], ["tournament_id", 10], ["created_at", "2015-03-17 17:29:39.291025"], ["updated_at", "2015-03-17 17:29:39.291025"]]
  [1m[36m (0.3ms)[0m  [1mCOMMIT[0m
  [1m[35m (0.1ms)[0m  BEGIN
  [1m[36mSQL (1.3ms)[0m  [1mINSERT INTO "comments" ("body", "user_id", "tournament_id", "created_at", "updated_at") VALUES ($1, $2, $3, $4, $5) RETURNING "id"[0m  [["body", "I am 2 fast 4 you"], ["user_id", 13], ["tournament_id", 9], ["created_at", "2015-03-17 17:29:39.301184"], ["updated_at", "2015-03-17 17:29:39.301184"]]
  [1m[35m (0.4ms)[0m  COMMIT
  [1m[36m (0.1ms)[0m  [1mBEGIN[0m
  [1m[35mSQL (0.5ms)[0m  INSERT INTO "comments" ("body", "user_id", "tournament_id", "subcomment", "created_at", "updated_at") VALUES ($1, $2, $3, $4, $5, $6) RETURNING "id"  [["body", "Of course, Japanese Import!"], ["user_id", 14], ["tournament_id", 10], ["subcomment", "Psh, nah! American Muscle!"], ["created_at", "2015-03-17 17:29:39.305036"], ["updated_at", "2015-03-17 17:29:39.305036"]]
  [1m[36m (0.4ms)[0m  [1mCOMMIT[0m
  [1m[35m (0.1ms)[0m  BEGIN
  [1m[36mSQL (0.4ms)[0m  [1mINSERT INTO "tournaments" ("question", "user_id", "created_at", "updated_at") VALUES ($1, $2, $3, $4) RETURNING "id"[0m  [["question", "Which picture is best?"], ["user_id", 12], ["created_at", "2015-03-17 17:29:39.323692"], ["updated_at", "2015-03-17 17:29:39.323692"]]
  [1m[35mSQL (0.4ms)[0m  INSERT INTO "images" ("url", "tournament_id", "created_at", "updated_at") VALUES ($1, $2, $3, $4) RETURNING "id"  [["url", "https://s3.amazonaws.com/my-pixelect-bucket/uploads/22a2490f-8565-4241-8178-e676ec8a7d0b"], ["tournament_id", 11], ["created_at", "2015-03-17 17:29:39.325351"], ["updated_at", "2015-03-17 17:29:39.325351"]]
  [1m[36mSQL (0.3ms)[0m  [1mINSERT INTO "images" ("url", "tournament_id", "created_at", "updated_at") VALUES ($1, $2, $3, $4) RETURNING "id"[0m  [["url", "https://s3.amazonaws.com/my-pixelect-bucket/uploads/520fcb62-4ab2-40ec-ab69-5ecc993cc6ab"], ["tournament_id", 11], ["created_at", "2015-03-17 17:29:39.326762"], ["updated_at", "2015-03-17 17:29:39.326762"]]
  [1m[35m (0.5ms)[0m  COMMIT
  [1m[36m (0.2ms)[0m  [1mBEGIN[0m
  [1m[35mSQL (0.5ms)[0m  INSERT INTO "comments" ("body", "user_id", "tournament_id", "subcomment", "created_at", "updated_at") VALUES ($1, $2, $3, $4, $5, $6) RETURNING "id"  [["body", "first!"], ["user_id", 14], ["tournament_id", 11], ["subcomment", "hate you."], ["created_at", "2015-03-17 17:29:39.329413"], ["updated_at", "2015-03-17 17:29:39.329413"]]
  [1m[36m (0.4ms)[0m  [1mCOMMIT[0m
  [1m[35m (0.1ms)[0m  BEGIN
  [1m[36mSQL (0.5ms)[0m  [1mINSERT INTO "comments" ("body", "user_id", "tournament_id", "created_at", "updated_at") VALUES ($1, $2, $3, $4, $5) RETURNING "id"[0m  [["body", "not first!"], ["user_id", 13], ["tournament_id", 11], ["created_at", "2015-03-17 17:29:39.332054"], ["updated_at", "2015-03-17 17:29:39.332054"]]
  [1m[35m (0.4ms)[0m  COMMIT
